<?xml version="1.0" encoding="UTF-8"?>
<testsuite xmlns:xsi="http://www.w3.org/2001/XMLSchema-instance" xsi:noNamespaceSchemaLocation="https://maven.apache.org/surefire/maven-surefire-plugin/xsd/surefire-test-report.xsd" name="Selenium-Framework-Practice #2" time="46.499" tests="1" errors="1" skipped="0" failures="0">
  <properties>
    <property name="java.specification.version" value="17"/>
    <property name="webdriver.chrome.driver" value="C:\Users\Khushi\.cache\selenium\chromedriver\win32\114.0.5735.90\chromedriver.exe"/>
    <property name="sun.cpu.isalist" value="amd64"/>
    <property name="sun.jnu.encoding" value="Cp1252"/>
    <property name="java.class.path" value="C:\Users\Khushi\Desktop\Nitin\EclipsWorkspace\MyFrame\target\test-classes;C:\Users\Khushi\Desktop\Nitin\EclipsWorkspace\MyFrame\target\classes;C:\Users\Khushi\.m2\repository\junit\junit\4.11\junit-4.11.jar;C:\Users\Khushi\.m2\repository\io\cucumber\cucumber-html\0.2.7\cucumber-html-0.2.7.jar;C:\Users\Khushi\.m2\repository\net\sourceforge\cobertura\cobertura\2.1.1\cobertura-2.1.1.jar;C:\Users\Khushi\.m2\repository\org\ow2\asm\asm\5.0.1\asm-5.0.1.jar;C:\Users\Khushi\.m2\repository\org\ow2\asm\asm-tree\5.0.1\asm-tree-5.0.1.jar;C:\Users\Khushi\.m2\repository\org\ow2\asm\asm-commons\5.0.1\asm-commons-5.0.1.jar;C:\Users\Khushi\.m2\repository\org\ow2\asm\asm-util\5.0.1\asm-util-5.0.1.jar;C:\Users\Khushi\.m2\repository\org\ow2\asm\asm-analysis\5.0.1\asm-analysis-5.0.1.jar;C:\Users\Khushi\.m2\repository\oro\oro\2.0.8\oro-2.0.8.jar;C:\Users\Khushi\.m2\repository\jaxen\jaxen\1.1.4\jaxen-1.1.4.jar;C:\Users\Khushi\.m2\repository\org\apache\ant\ant\1.8.3\ant-1.8.3.jar;C:\Users\Khushi\.m2\repository\org\apache\ant\ant-launcher\1.8.3\ant-launcher-1.8.3.jar;C:\Users\Khushi\.m2\repository\org\apache\ant\ant-junit\1.8.3\ant-junit-1.8.3.jar;C:\Users\Khushi\.m2\repository\org\mortbay\jetty\servlet-api-2.5\6.1.14\servlet-api-2.5-6.1.14.jar;C:\Users\Khushi\.m2\repository\org\mortbay\jetty\jetty\6.1.14\jetty-6.1.14.jar;C:\Users\Khushi\.m2\repository\org\mortbay\jetty\jetty-util\6.1.14\jetty-util-6.1.14.jar;C:\Users\Khushi\.m2\repository\org\slf4j\slf4j-api\1.7.5\slf4j-api-1.7.5.jar;C:\Users\Khushi\.m2\repository\ch\qos\logback\logback-classic\1.0.13\logback-classic-1.0.13.jar;C:\Users\Khushi\.m2\repository\ch\qos\logback\logback-core\1.0.13\logback-core-1.0.13.jar;C:\Users\Khushi\.m2\repository\org\apache\commons\commons-lang3\3.3.2\commons-lang3-3.3.2.jar;C:\Users\Khushi\.m2\repository\io\cucumber\cucumber-java\7.11.2\cucumber-java-7.11.2.jar;C:\Users\Khushi\.m2\repository\io\cucumber\cucumber-core\7.11.2\cucumber-core-7.11.2.jar;C:\Users\Khushi\.m2\repository\io\cucumber\cucumber-gherkin\7.11.2\cucumber-gherkin-7.11.2.jar;C:\Users\Khushi\.m2\repository\io\cucumber\cucumber-gherkin-messages\7.11.2\cucumber-gherkin-messages-7.11.2.jar;C:\Users\Khushi\.m2\repository\io\cucumber\tag-expressions\5.0.1\tag-expressions-5.0.1.jar;C:\Users\Khushi\.m2\repository\io\cucumber\cucumber-expressions\16.1.2\cucumber-expressions-16.1.2.jar;C:\Users\Khushi\.m2\repository\io\cucumber\datatable\7.11.2\datatable-7.11.2.jar;C:\Users\Khushi\.m2\repository\io\cucumber\cucumber-plugin\7.11.2\cucumber-plugin-7.11.2.jar;C:\Users\Khushi\.m2\repository\io\cucumber\docstring\7.11.2\docstring-7.11.2.jar;C:\Users\Khushi\.m2\repository\io\cucumber\html-formatter\20.2.1\html-formatter-20.2.1.jar;C:\Users\Khushi\.m2\repository\io\cucumber\junit-xml-formatter\0.1.0\junit-xml-formatter-0.1.0.jar;C:\Users\Khushi\.m2\repository\io\cucumber\ci-environment\9.1.0\ci-environment-9.1.0.jar;C:\Users\Khushi\.m2\repository\org\apiguardian\apiguardian-api\1.1.2\apiguardian-api-1.1.2.jar;C:\Users\Khushi\.m2\repository\io\cucumber\cucumber-junit\7.11.2\cucumber-junit-7.11.2.jar;C:\Users\Khushi\.m2\repository\io\cucumber\cucumber-jvm-deps\1.0.6\cucumber-jvm-deps-1.0.6.jar;C:\Users\Khushi\.m2\repository\net\masterthought\cucumber-reporting\5.7.5\cucumber-reporting-5.7.5.jar;C:\Users\Khushi\.m2\repository\com\fasterxml\jackson\core\jackson-databind\2.13.2.2\jackson-databind-2.13.2.2.jar;C:\Users\Khushi\.m2\repository\com\fasterxml\jackson\core\jackson-annotations\2.13.2\jackson-annotations-2.13.2.jar;C:\Users\Khushi\.m2\repository\com\fasterxml\jackson\core\jackson-core\2.13.2\jackson-core-2.13.2.jar;C:\Users\Khushi\.m2\repository\com\fasterxml\jackson\datatype\jackson-datatype-jsr310\2.13.2\jackson-datatype-jsr310-2.13.2.jar;C:\Users\Khushi\.m2\repository\org\apache\velocity\velocity-engine-core\2.3\velocity-engine-core-2.3.jar;C:\Users\Khushi\.m2\repository\org\apache\commons\commons-collections4\4.4\commons-collections4-4.4.jar;C:\Users\Khushi\.m2\repository\joda-time\joda-time\2.12.2\joda-time-2.12.2.jar;C:\Users\Khushi\.m2\repository\org\codehaus\plexus\plexus-utils\3.5.0\plexus-utils-3.5.0.jar;C:\Users\Khushi\.m2\repository\org\jsoup\jsoup\1.15.4\jsoup-1.15.4.jar;C:\Users\Khushi\.m2\repository\com\googlecode\owasp-java-html-sanitizer\owasp-java-html-sanitizer\20220608.1\owasp-java-html-sanitizer-20220608.1.jar;C:\Users\Khushi\.m2\repository\commons-configuration\commons-configuration\1.10\commons-configuration-1.10.jar;C:\Users\Khushi\.m2\repository\commons-lang\commons-lang\2.6\commons-lang-2.6.jar;C:\Users\Khushi\.m2\repository\commons-logging\commons-logging\1.1.1\commons-logging-1.1.1.jar;C:\Users\Khushi\.m2\repository\org\hamcrest\hamcrest-core\2.2\hamcrest-core-2.2.jar;C:\Users\Khushi\.m2\repository\org\hamcrest\hamcrest\2.2\hamcrest-2.2.jar;C:\Users\Khushi\.m2\repository\io\cucumber\gherkin\26.0.3\gherkin-26.0.3.jar;C:\Users\Khushi\.m2\repository\io\cucumber\messages\21.0.1\messages-21.0.1.jar;C:\Users\Khushi\.m2\repository\org\seleniumhq\selenium\selenium-java\4.8.3\selenium-java-4.8.3.jar;C:\Users\Khushi\.m2\repository\org\seleniumhq\selenium\selenium-api\4.8.3\selenium-api-4.8.3.jar;C:\Users\Khushi\.m2\repository\org\seleniumhq\selenium\selenium-chrome-driver\4.8.3\selenium-chrome-driver-4.8.3.jar;C:\Users\Khushi\.m2\repository\com\google\auto\service\auto-service-annotations\1.0.1\auto-service-annotations-1.0.1.jar;C:\Users\Khushi\.m2\repository\com\google\auto\service\auto-service\1.0.1\auto-service-1.0.1.jar;C:\Users\Khushi\.m2\repository\com\google\auto\auto-common\1.2\auto-common-1.2.jar;C:\Users\Khushi\.m2\repository\org\seleniumhq\selenium\selenium-chromium-driver\4.8.3\selenium-chromium-driver-4.8.3.jar;C:\Users\Khushi\.m2\repository\org\seleniumhq\selenium\selenium-json\4.8.3\selenium-json-4.8.3.jar;C:\Users\Khushi\.m2\repository\org\seleniumhq\selenium\selenium-manager\4.8.3\selenium-manager-4.8.3.jar;C:\Users\Khushi\.m2\repository\org\seleniumhq\selenium\selenium-devtools-v109\4.8.3\selenium-devtools-v109-4.8.3.jar;C:\Users\Khushi\.m2\repository\org\seleniumhq\selenium\selenium-devtools-v110\4.8.3\selenium-devtools-v110-4.8.3.jar;C:\Users\Khushi\.m2\repository\org\seleniumhq\selenium\selenium-devtools-v111\4.8.3\selenium-devtools-v111-4.8.3.jar;C:\Users\Khushi\.m2\repository\org\seleniumhq\selenium\selenium-devtools-v85\4.8.3\selenium-devtools-v85-4.8.3.jar;C:\Users\Khushi\.m2\repository\org\seleniumhq\selenium\selenium-edge-driver\4.8.3\selenium-edge-driver-4.8.3.jar;C:\Users\Khushi\.m2\repository\org\seleniumhq\selenium\selenium-firefox-driver\4.8.3\selenium-firefox-driver-4.8.3.jar;C:\Users\Khushi\.m2\repository\org\seleniumhq\selenium\selenium-http\4.8.3\selenium-http-4.8.3.jar;C:\Users\Khushi\.m2\repository\dev\failsafe\failsafe\3.3.1\failsafe-3.3.1.jar;C:\Users\Khushi\.m2\repository\org\seleniumhq\selenium\selenium-ie-driver\4.8.3\selenium-ie-driver-4.8.3.jar;C:\Users\Khushi\.m2\repository\org\seleniumhq\selenium\selenium-remote-driver\4.8.3\selenium-remote-driver-4.8.3.jar;C:\Users\Khushi\.m2\repository\com\beust\jcommander\1.82\jcommander-1.82.jar;C:\Users\Khushi\.m2\repository\io\netty\netty-buffer\4.1.90.Final\netty-buffer-4.1.90.Final.jar;C:\Users\Khushi\.m2\repository\io\netty\netty-codec-http\4.1.90.Final\netty-codec-http-4.1.90.Final.jar;C:\Users\Khushi\.m2\repository\io\netty\netty-codec\4.1.90.Final\netty-codec-4.1.90.Final.jar;C:\Users\Khushi\.m2\repository\io\netty\netty-handler\4.1.90.Final\netty-handler-4.1.90.Final.jar;C:\Users\Khushi\.m2\repository\io\netty\netty-common\4.1.90.Final\netty-common-4.1.90.Final.jar;C:\Users\Khushi\.m2\repository\io\netty\netty-transport-classes-epoll\4.1.90.Final\netty-transport-classes-epoll-4.1.90.Final.jar;C:\Users\Khushi\.m2\repository\io\netty\netty-transport-classes-kqueue\4.1.90.Final\netty-transport-classes-kqueue-4.1.90.Final.jar;C:\Users\Khushi\.m2\repository\io\netty\netty-transport-native-epoll\4.1.90.Final\netty-transport-native-epoll-4.1.90.Final.jar;C:\Users\Khushi\.m2\repository\io\netty\netty-transport-native-kqueue\4.1.90.Final\netty-transport-native-kqueue-4.1.90.Final.jar;C:\Users\Khushi\.m2\repository\io\netty\netty-transport-native-unix-common\4.1.90.Final\netty-transport-native-unix-common-4.1.90.Final.jar;C:\Users\Khushi\.m2\repository\io\netty\netty-transport\4.1.90.Final\netty-transport-4.1.90.Final.jar;C:\Users\Khushi\.m2\repository\io\netty\netty-resolver\4.1.90.Final\netty-resolver-4.1.90.Final.jar;C:\Users\Khushi\.m2\repository\io\opentelemetry\opentelemetry-api\1.24.0\opentelemetry-api-1.24.0.jar;C:\Users\Khushi\.m2\repository\io\opentelemetry\opentelemetry-context\1.24.0\opentelemetry-context-1.24.0.jar;C:\Users\Khushi\.m2\repository\io\opentelemetry\opentelemetry-exporter-logging\1.24.0\opentelemetry-exporter-logging-1.24.0.jar;C:\Users\Khushi\.m2\repository\io\opentelemetry\opentelemetry-sdk-metrics\1.24.0\opentelemetry-sdk-metrics-1.24.0.jar;C:\Users\Khushi\.m2\repository\io\opentelemetry\opentelemetry-sdk-logs\1.24.0-alpha\opentelemetry-sdk-logs-1.24.0-alpha.jar;C:\Users\Khushi\.m2\repository\io\opentelemetry\opentelemetry-api-logs\1.24.0-alpha\opentelemetry-api-logs-1.24.0-alpha.jar;C:\Users\Khushi\.m2\repository\io\opentelemetry\opentelemetry-api-events\1.24.0-alpha\opentelemetry-api-events-1.24.0-alpha.jar;C:\Users\Khushi\.m2\repository\io\opentelemetry\opentelemetry-sdk-common\1.24.0\opentelemetry-sdk-common-1.24.0.jar;C:\Users\Khushi\.m2\repository\io\opentelemetry\opentelemetry-sdk-extension-autoconfigure-spi\1.24.0\opentelemetry-sdk-extension-autoconfigure-spi-1.24.0.jar;C:\Users\Khushi\.m2\repository\io\opentelemetry\opentelemetry-sdk-extension-autoconfigure\1.24.0-alpha\opentelemetry-sdk-extension-autoconfigure-1.24.0-alpha.jar;C:\Users\Khushi\.m2\repository\io\opentelemetry\opentelemetry-sdk-trace\1.24.0\opentelemetry-sdk-trace-1.24.0.jar;C:\Users\Khushi\.m2\repository\io\opentelemetry\opentelemetry-sdk\1.24.0\opentelemetry-sdk-1.24.0.jar;C:\Users\Khushi\.m2\repository\io\opentelemetry\opentelemetry-semconv\1.24.0-alpha\opentelemetry-semconv-1.24.0-alpha.jar;C:\Users\Khushi\.m2\repository\io\ous\jtoml\2.0.0\jtoml-2.0.0.jar;C:\Users\Khushi\.m2\repository\net\bytebuddy\byte-buddy\1.14.2\byte-buddy-1.14.2.jar;C:\Users\Khushi\.m2\repository\org\apache\commons\commons-exec\1.3\commons-exec-1.3.jar;C:\Users\Khushi\.m2\repository\org\asynchttpclient\async-http-client\2.12.3\async-http-client-2.12.3.jar;C:\Users\Khushi\.m2\repository\org\asynchttpclient\async-http-client-netty-utils\2.12.3\async-http-client-netty-utils-2.12.3.jar;C:\Users\Khushi\.m2\repository\io\netty\netty-codec-socks\4.1.60.Final\netty-codec-socks-4.1.60.Final.jar;C:\Users\Khushi\.m2\repository\io\netty\netty-handler-proxy\4.1.60.Final\netty-handler-proxy-4.1.60.Final.jar;C:\Users\Khushi\.m2\repository\io\netty\netty-transport-native-epoll\4.1.60.Final\netty-transport-native-epoll-4.1.60.Final-linux-x86_64.jar;C:\Users\Khushi\.m2\repository\io\netty\netty-transport-native-kqueue\4.1.60.Final\netty-transport-native-kqueue-4.1.60.Final-osx-x86_64.jar;C:\Users\Khushi\.m2\repository\org\reactivestreams\reactive-streams\1.0.3\reactive-streams-1.0.3.jar;C:\Users\Khushi\.m2\repository\com\typesafe\netty\netty-reactive-streams\2.0.4\netty-reactive-streams-2.0.4.jar;C:\Users\Khushi\.m2\repository\com\sun\activation\jakarta.activation\1.2.2\jakarta.activation-1.2.2.jar;C:\Users\Khushi\.m2\repository\org\seleniumhq\selenium\selenium-safari-driver\4.8.3\selenium-safari-driver-4.8.3.jar;C:\Users\Khushi\.m2\repository\org\seleniumhq\selenium\selenium-support\4.8.3\selenium-support-4.8.3.jar;C:\Users\Khushi\.m2\repository\io\github\bonigarcia\webdrivermanager\5.3.2\webdrivermanager-5.3.2.jar;C:\Users\Khushi\.m2\repository\com\google\code\gson\gson\2.10.1\gson-2.10.1.jar;C:\Users\Khushi\.m2\repository\com\github\docker-java\docker-java\3.2.14\docker-java-3.2.14.jar;C:\Users\Khushi\.m2\repository\com\github\docker-java\docker-java-core\3.2.14\docker-java-core-3.2.14.jar;C:\Users\Khushi\.m2\repository\com\github\docker-java\docker-java-api\3.2.14\docker-java-api-3.2.14.jar;C:\Users\Khushi\.m2\repository\org\bouncycastle\bcpkix-jdk15on\1.64\bcpkix-jdk15on-1.64.jar;C:\Users\Khushi\.m2\repository\org\bouncycastle\bcprov-jdk15on\1.64\bcprov-jdk15on-1.64.jar;C:\Users\Khushi\.m2\repository\org\slf4j\jcl-over-slf4j\1.7.30\jcl-over-slf4j-1.7.30.jar;C:\Users\Khushi\.m2\repository\com\github\docker-java\docker-java-transport-httpclient5\3.2.14\docker-java-transport-httpclient5-3.2.14.jar;C:\Users\Khushi\.m2\repository\com\github\docker-java\docker-java-transport\3.2.14\docker-java-transport-3.2.14.jar;C:\Users\Khushi\.m2\repository\net\java\dev\jna\jna\5.12.1\jna-5.12.1.jar;C:\Users\Khushi\.m2\repository\org\brotli\dec\0.1.2\dec-0.1.2.jar;C:\Users\Khushi\.m2\repository\org\apache\httpcomponents\client5\httpclient5\5.2.1\httpclient5-5.2.1.jar;C:\Users\Khushi\.m2\repository\org\apache\httpcomponents\core5\httpcore5\5.2\httpcore5-5.2.jar;C:\Users\Khushi\.m2\repository\org\apache\httpcomponents\core5\httpcore5-h2\5.2\httpcore5-h2-5.2.jar;C:\Program Files\Java\jdk-20\lib\tools-1.5.0.jar;C:\Users\Khushi\.m2\repository\com\google\guava\guava\31.0.1-jre\guava-31.0.1-jre.jar;C:\Users\Khushi\.m2\repository\com\google\guava\failureaccess\1.0.1\failureaccess-1.0.1.jar;C:\Users\Khushi\.m2\repository\com\google\guava\listenablefuture\9999.0-empty-to-avoid-conflict-with-guava\listenablefuture-9999.0-empty-to-avoid-conflict-with-guava.jar;C:\Users\Khushi\.m2\repository\com\google\code\findbugs\jsr305\3.0.2\jsr305-3.0.2.jar;C:\Users\Khushi\.m2\repository\org\checkerframework\checker-qual\3.12.0\checker-qual-3.12.0.jar;C:\Users\Khushi\.m2\repository\com\google\errorprone\error_prone_annotations\2.7.1\error_prone_annotations-2.7.1.jar;C:\Users\Khushi\.m2\repository\com\google\j2objc\j2objc-annotations\1.3\j2objc-annotations-1.3.jar;C:\Users\Khushi\.m2\repository\io\qameta\allure\allure-cucumber7-jvm\2.21.0\allure-cucumber7-jvm-2.21.0.jar;C:\Users\Khushi\.m2\repository\io\qameta\allure\allure-java-commons\2.21.0\allure-java-commons-2.21.0.jar;C:\Users\Khushi\.m2\repository\io\qameta\allure\allure-model\2.21.0\allure-model-2.21.0.jar;C:\Users\Khushi\.m2\repository\commons-io\commons-io\2.11.0\commons-io-2.11.0.jar;C:\Users\Khushi\.m2\repository\org\apache\poi\poi\5.2.3\poi-5.2.3.jar;C:\Users\Khushi\.m2\repository\commons-codec\commons-codec\1.15\commons-codec-1.15.jar;C:\Users\Khushi\.m2\repository\org\apache\commons\commons-math3\3.6.1\commons-math3-3.6.1.jar;C:\Users\Khushi\.m2\repository\com\zaxxer\SparseBitSet\1.2\SparseBitSet-1.2.jar;C:\Users\Khushi\.m2\repository\org\apache\logging\log4j\log4j-api\2.18.0\log4j-api-2.18.0.jar;C:\Users\Khushi\.m2\repository\org\apache\poi\poi-ooxml\5.2.3\poi-ooxml-5.2.3.jar;C:\Users\Khushi\.m2\repository\org\apache\poi\poi-ooxml-lite\5.2.3\poi-ooxml-lite-5.2.3.jar;C:\Users\Khushi\.m2\repository\org\apache\xmlbeans\xmlbeans\5.1.1\xmlbeans-5.1.1.jar;C:\Users\Khushi\.m2\repository\org\apache\commons\commons-compress\1.21\commons-compress-1.21.jar;C:\Users\Khushi\.m2\repository\com\github\virtuald\curvesapi\1.07\curvesapi-1.07.jar;C:\Users\Khushi\.m2\repository\pl\pragmatists\JUnitParams\1.1.1\JUnitParams-1.1.1.jar;"/>
    <property name="java.vm.vendor" value="Eclipse Adoptium"/>
    <property name="sun.arch.data.model" value="64"/>
    <property name="user.variant" value=""/>
    <property name="java.vendor.url" value="https://adoptium.net/"/>
    <property name="user.timezone" value="Asia/Calcutta"/>
    <property name="os.name" value="Windows 11"/>
    <property name="java.vm.specification.version" value="17"/>
    <property name="sun.java.launcher" value="SUN_STANDARD"/>
    <property name="user.country" value="IN"/>
    <property name="sun.boot.library.path" value="C:\Users\Khushi\.p2\pool\plugins\org.eclipse.justj.openjdk.hotspot.jre.full.win32.x86_64_17.0.6.v20230204-1729\jre\bin"/>
    <property name="sun.java.command" value="C:\Users\Khushi\AppData\Local\Temp\surefire7837910555390944030\surefirebooter5806587812330949547.jar C:\Users\Khushi\AppData\Local\Temp\surefire7837910555390944030 2023-06-11T12-37-31_441-jvmRun1 surefire8010876440323346968tmp surefire_07221869635457635562tmp"/>
    <property name="jdk.debug" value="release"/>
    <property name="surefire.test.class.path" value="C:\Users\Khushi\Desktop\Nitin\EclipsWorkspace\MyFrame\target\test-classes;C:\Users\Khushi\Desktop\Nitin\EclipsWorkspace\MyFrame\target\classes;C:\Users\Khushi\.m2\repository\junit\junit\4.11\junit-4.11.jar;C:\Users\Khushi\.m2\repository\io\cucumber\cucumber-html\0.2.7\cucumber-html-0.2.7.jar;C:\Users\Khushi\.m2\repository\net\sourceforge\cobertura\cobertura\2.1.1\cobertura-2.1.1.jar;C:\Users\Khushi\.m2\repository\org\ow2\asm\asm\5.0.1\asm-5.0.1.jar;C:\Users\Khushi\.m2\repository\org\ow2\asm\asm-tree\5.0.1\asm-tree-5.0.1.jar;C:\Users\Khushi\.m2\repository\org\ow2\asm\asm-commons\5.0.1\asm-commons-5.0.1.jar;C:\Users\Khushi\.m2\repository\org\ow2\asm\asm-util\5.0.1\asm-util-5.0.1.jar;C:\Users\Khushi\.m2\repository\org\ow2\asm\asm-analysis\5.0.1\asm-analysis-5.0.1.jar;C:\Users\Khushi\.m2\repository\oro\oro\2.0.8\oro-2.0.8.jar;C:\Users\Khushi\.m2\repository\jaxen\jaxen\1.1.4\jaxen-1.1.4.jar;C:\Users\Khushi\.m2\repository\org\apache\ant\ant\1.8.3\ant-1.8.3.jar;C:\Users\Khushi\.m2\repository\org\apache\ant\ant-launcher\1.8.3\ant-launcher-1.8.3.jar;C:\Users\Khushi\.m2\repository\org\apache\ant\ant-junit\1.8.3\ant-junit-1.8.3.jar;C:\Users\Khushi\.m2\repository\org\mortbay\jetty\servlet-api-2.5\6.1.14\servlet-api-2.5-6.1.14.jar;C:\Users\Khushi\.m2\repository\org\mortbay\jetty\jetty\6.1.14\jetty-6.1.14.jar;C:\Users\Khushi\.m2\repository\org\mortbay\jetty\jetty-util\6.1.14\jetty-util-6.1.14.jar;C:\Users\Khushi\.m2\repository\org\slf4j\slf4j-api\1.7.5\slf4j-api-1.7.5.jar;C:\Users\Khushi\.m2\repository\ch\qos\logback\logback-classic\1.0.13\logback-classic-1.0.13.jar;C:\Users\Khushi\.m2\repository\ch\qos\logback\logback-core\1.0.13\logback-core-1.0.13.jar;C:\Users\Khushi\.m2\repository\org\apache\commons\commons-lang3\3.3.2\commons-lang3-3.3.2.jar;C:\Users\Khushi\.m2\repository\io\cucumber\cucumber-java\7.11.2\cucumber-java-7.11.2.jar;C:\Users\Khushi\.m2\repository\io\cucumber\cucumber-core\7.11.2\cucumber-core-7.11.2.jar;C:\Users\Khushi\.m2\repository\io\cucumber\cucumber-gherkin\7.11.2\cucumber-gherkin-7.11.2.jar;C:\Users\Khushi\.m2\repository\io\cucumber\cucumber-gherkin-messages\7.11.2\cucumber-gherkin-messages-7.11.2.jar;C:\Users\Khushi\.m2\repository\io\cucumber\tag-expressions\5.0.1\tag-expressions-5.0.1.jar;C:\Users\Khushi\.m2\repository\io\cucumber\cucumber-expressions\16.1.2\cucumber-expressions-16.1.2.jar;C:\Users\Khushi\.m2\repository\io\cucumber\datatable\7.11.2\datatable-7.11.2.jar;C:\Users\Khushi\.m2\repository\io\cucumber\cucumber-plugin\7.11.2\cucumber-plugin-7.11.2.jar;C:\Users\Khushi\.m2\repository\io\cucumber\docstring\7.11.2\docstring-7.11.2.jar;C:\Users\Khushi\.m2\repository\io\cucumber\html-formatter\20.2.1\html-formatter-20.2.1.jar;C:\Users\Khushi\.m2\repository\io\cucumber\junit-xml-formatter\0.1.0\junit-xml-formatter-0.1.0.jar;C:\Users\Khushi\.m2\repository\io\cucumber\ci-environment\9.1.0\ci-environment-9.1.0.jar;C:\Users\Khushi\.m2\repository\org\apiguardian\apiguardian-api\1.1.2\apiguardian-api-1.1.2.jar;C:\Users\Khushi\.m2\repository\io\cucumber\cucumber-junit\7.11.2\cucumber-junit-7.11.2.jar;C:\Users\Khushi\.m2\repository\io\cucumber\cucumber-jvm-deps\1.0.6\cucumber-jvm-deps-1.0.6.jar;C:\Users\Khushi\.m2\repository\net\masterthought\cucumber-reporting\5.7.5\cucumber-reporting-5.7.5.jar;C:\Users\Khushi\.m2\repository\com\fasterxml\jackson\core\jackson-databind\2.13.2.2\jackson-databind-2.13.2.2.jar;C:\Users\Khushi\.m2\repository\com\fasterxml\jackson\core\jackson-annotations\2.13.2\jackson-annotations-2.13.2.jar;C:\Users\Khushi\.m2\repository\com\fasterxml\jackson\core\jackson-core\2.13.2\jackson-core-2.13.2.jar;C:\Users\Khushi\.m2\repository\com\fasterxml\jackson\datatype\jackson-datatype-jsr310\2.13.2\jackson-datatype-jsr310-2.13.2.jar;C:\Users\Khushi\.m2\repository\org\apache\velocity\velocity-engine-core\2.3\velocity-engine-core-2.3.jar;C:\Users\Khushi\.m2\repository\org\apache\commons\commons-collections4\4.4\commons-collections4-4.4.jar;C:\Users\Khushi\.m2\repository\joda-time\joda-time\2.12.2\joda-time-2.12.2.jar;C:\Users\Khushi\.m2\repository\org\codehaus\plexus\plexus-utils\3.5.0\plexus-utils-3.5.0.jar;C:\Users\Khushi\.m2\repository\org\jsoup\jsoup\1.15.4\jsoup-1.15.4.jar;C:\Users\Khushi\.m2\repository\com\googlecode\owasp-java-html-sanitizer\owasp-java-html-sanitizer\20220608.1\owasp-java-html-sanitizer-20220608.1.jar;C:\Users\Khushi\.m2\repository\commons-configuration\commons-configuration\1.10\commons-configuration-1.10.jar;C:\Users\Khushi\.m2\repository\commons-lang\commons-lang\2.6\commons-lang-2.6.jar;C:\Users\Khushi\.m2\repository\commons-logging\commons-logging\1.1.1\commons-logging-1.1.1.jar;C:\Users\Khushi\.m2\repository\org\hamcrest\hamcrest-core\2.2\hamcrest-core-2.2.jar;C:\Users\Khushi\.m2\repository\org\hamcrest\hamcrest\2.2\hamcrest-2.2.jar;C:\Users\Khushi\.m2\repository\io\cucumber\gherkin\26.0.3\gherkin-26.0.3.jar;C:\Users\Khushi\.m2\repository\io\cucumber\messages\21.0.1\messages-21.0.1.jar;C:\Users\Khushi\.m2\repository\org\seleniumhq\selenium\selenium-java\4.8.3\selenium-java-4.8.3.jar;C:\Users\Khushi\.m2\repository\org\seleniumhq\selenium\selenium-api\4.8.3\selenium-api-4.8.3.jar;C:\Users\Khushi\.m2\repository\org\seleniumhq\selenium\selenium-chrome-driver\4.8.3\selenium-chrome-driver-4.8.3.jar;C:\Users\Khushi\.m2\repository\com\google\auto\service\auto-service-annotations\1.0.1\auto-service-annotations-1.0.1.jar;C:\Users\Khushi\.m2\repository\com\google\auto\service\auto-service\1.0.1\auto-service-1.0.1.jar;C:\Users\Khushi\.m2\repository\com\google\auto\auto-common\1.2\auto-common-1.2.jar;C:\Users\Khushi\.m2\repository\org\seleniumhq\selenium\selenium-chromium-driver\4.8.3\selenium-chromium-driver-4.8.3.jar;C:\Users\Khushi\.m2\repository\org\seleniumhq\selenium\selenium-json\4.8.3\selenium-json-4.8.3.jar;C:\Users\Khushi\.m2\repository\org\seleniumhq\selenium\selenium-manager\4.8.3\selenium-manager-4.8.3.jar;C:\Users\Khushi\.m2\repository\org\seleniumhq\selenium\selenium-devtools-v109\4.8.3\selenium-devtools-v109-4.8.3.jar;C:\Users\Khushi\.m2\repository\org\seleniumhq\selenium\selenium-devtools-v110\4.8.3\selenium-devtools-v110-4.8.3.jar;C:\Users\Khushi\.m2\repository\org\seleniumhq\selenium\selenium-devtools-v111\4.8.3\selenium-devtools-v111-4.8.3.jar;C:\Users\Khushi\.m2\repository\org\seleniumhq\selenium\selenium-devtools-v85\4.8.3\selenium-devtools-v85-4.8.3.jar;C:\Users\Khushi\.m2\repository\org\seleniumhq\selenium\selenium-edge-driver\4.8.3\selenium-edge-driver-4.8.3.jar;C:\Users\Khushi\.m2\repository\org\seleniumhq\selenium\selenium-firefox-driver\4.8.3\selenium-firefox-driver-4.8.3.jar;C:\Users\Khushi\.m2\repository\org\seleniumhq\selenium\selenium-http\4.8.3\selenium-http-4.8.3.jar;C:\Users\Khushi\.m2\repository\dev\failsafe\failsafe\3.3.1\failsafe-3.3.1.jar;C:\Users\Khushi\.m2\repository\org\seleniumhq\selenium\selenium-ie-driver\4.8.3\selenium-ie-driver-4.8.3.jar;C:\Users\Khushi\.m2\repository\org\seleniumhq\selenium\selenium-remote-driver\4.8.3\selenium-remote-driver-4.8.3.jar;C:\Users\Khushi\.m2\repository\com\beust\jcommander\1.82\jcommander-1.82.jar;C:\Users\Khushi\.m2\repository\io\netty\netty-buffer\4.1.90.Final\netty-buffer-4.1.90.Final.jar;C:\Users\Khushi\.m2\repository\io\netty\netty-codec-http\4.1.90.Final\netty-codec-http-4.1.90.Final.jar;C:\Users\Khushi\.m2\repository\io\netty\netty-codec\4.1.90.Final\netty-codec-4.1.90.Final.jar;C:\Users\Khushi\.m2\repository\io\netty\netty-handler\4.1.90.Final\netty-handler-4.1.90.Final.jar;C:\Users\Khushi\.m2\repository\io\netty\netty-common\4.1.90.Final\netty-common-4.1.90.Final.jar;C:\Users\Khushi\.m2\repository\io\netty\netty-transport-classes-epoll\4.1.90.Final\netty-transport-classes-epoll-4.1.90.Final.jar;C:\Users\Khushi\.m2\repository\io\netty\netty-transport-classes-kqueue\4.1.90.Final\netty-transport-classes-kqueue-4.1.90.Final.jar;C:\Users\Khushi\.m2\repository\io\netty\netty-transport-native-epoll\4.1.90.Final\netty-transport-native-epoll-4.1.90.Final.jar;C:\Users\Khushi\.m2\repository\io\netty\netty-transport-native-kqueue\4.1.90.Final\netty-transport-native-kqueue-4.1.90.Final.jar;C:\Users\Khushi\.m2\repository\io\netty\netty-transport-native-unix-common\4.1.90.Final\netty-transport-native-unix-common-4.1.90.Final.jar;C:\Users\Khushi\.m2\repository\io\netty\netty-transport\4.1.90.Final\netty-transport-4.1.90.Final.jar;C:\Users\Khushi\.m2\repository\io\netty\netty-resolver\4.1.90.Final\netty-resolver-4.1.90.Final.jar;C:\Users\Khushi\.m2\repository\io\opentelemetry\opentelemetry-api\1.24.0\opentelemetry-api-1.24.0.jar;C:\Users\Khushi\.m2\repository\io\opentelemetry\opentelemetry-context\1.24.0\opentelemetry-context-1.24.0.jar;C:\Users\Khushi\.m2\repository\io\opentelemetry\opentelemetry-exporter-logging\1.24.0\opentelemetry-exporter-logging-1.24.0.jar;C:\Users\Khushi\.m2\repository\io\opentelemetry\opentelemetry-sdk-metrics\1.24.0\opentelemetry-sdk-metrics-1.24.0.jar;C:\Users\Khushi\.m2\repository\io\opentelemetry\opentelemetry-sdk-logs\1.24.0-alpha\opentelemetry-sdk-logs-1.24.0-alpha.jar;C:\Users\Khushi\.m2\repository\io\opentelemetry\opentelemetry-api-logs\1.24.0-alpha\opentelemetry-api-logs-1.24.0-alpha.jar;C:\Users\Khushi\.m2\repository\io\opentelemetry\opentelemetry-api-events\1.24.0-alpha\opentelemetry-api-events-1.24.0-alpha.jar;C:\Users\Khushi\.m2\repository\io\opentelemetry\opentelemetry-sdk-common\1.24.0\opentelemetry-sdk-common-1.24.0.jar;C:\Users\Khushi\.m2\repository\io\opentelemetry\opentelemetry-sdk-extension-autoconfigure-spi\1.24.0\opentelemetry-sdk-extension-autoconfigure-spi-1.24.0.jar;C:\Users\Khushi\.m2\repository\io\opentelemetry\opentelemetry-sdk-extension-autoconfigure\1.24.0-alpha\opentelemetry-sdk-extension-autoconfigure-1.24.0-alpha.jar;C:\Users\Khushi\.m2\repository\io\opentelemetry\opentelemetry-sdk-trace\1.24.0\opentelemetry-sdk-trace-1.24.0.jar;C:\Users\Khushi\.m2\repository\io\opentelemetry\opentelemetry-sdk\1.24.0\opentelemetry-sdk-1.24.0.jar;C:\Users\Khushi\.m2\repository\io\opentelemetry\opentelemetry-semconv\1.24.0-alpha\opentelemetry-semconv-1.24.0-alpha.jar;C:\Users\Khushi\.m2\repository\io\ous\jtoml\2.0.0\jtoml-2.0.0.jar;C:\Users\Khushi\.m2\repository\net\bytebuddy\byte-buddy\1.14.2\byte-buddy-1.14.2.jar;C:\Users\Khushi\.m2\repository\org\apache\commons\commons-exec\1.3\commons-exec-1.3.jar;C:\Users\Khushi\.m2\repository\org\asynchttpclient\async-http-client\2.12.3\async-http-client-2.12.3.jar;C:\Users\Khushi\.m2\repository\org\asynchttpclient\async-http-client-netty-utils\2.12.3\async-http-client-netty-utils-2.12.3.jar;C:\Users\Khushi\.m2\repository\io\netty\netty-codec-socks\4.1.60.Final\netty-codec-socks-4.1.60.Final.jar;C:\Users\Khushi\.m2\repository\io\netty\netty-handler-proxy\4.1.60.Final\netty-handler-proxy-4.1.60.Final.jar;C:\Users\Khushi\.m2\repository\io\netty\netty-transport-native-epoll\4.1.60.Final\netty-transport-native-epoll-4.1.60.Final-linux-x86_64.jar;C:\Users\Khushi\.m2\repository\io\netty\netty-transport-native-kqueue\4.1.60.Final\netty-transport-native-kqueue-4.1.60.Final-osx-x86_64.jar;C:\Users\Khushi\.m2\repository\org\reactivestreams\reactive-streams\1.0.3\reactive-streams-1.0.3.jar;C:\Users\Khushi\.m2\repository\com\typesafe\netty\netty-reactive-streams\2.0.4\netty-reactive-streams-2.0.4.jar;C:\Users\Khushi\.m2\repository\com\sun\activation\jakarta.activation\1.2.2\jakarta.activation-1.2.2.jar;C:\Users\Khushi\.m2\repository\org\seleniumhq\selenium\selenium-safari-driver\4.8.3\selenium-safari-driver-4.8.3.jar;C:\Users\Khushi\.m2\repository\org\seleniumhq\selenium\selenium-support\4.8.3\selenium-support-4.8.3.jar;C:\Users\Khushi\.m2\repository\io\github\bonigarcia\webdrivermanager\5.3.2\webdrivermanager-5.3.2.jar;C:\Users\Khushi\.m2\repository\com\google\code\gson\gson\2.10.1\gson-2.10.1.jar;C:\Users\Khushi\.m2\repository\com\github\docker-java\docker-java\3.2.14\docker-java-3.2.14.jar;C:\Users\Khushi\.m2\repository\com\github\docker-java\docker-java-core\3.2.14\docker-java-core-3.2.14.jar;C:\Users\Khushi\.m2\repository\com\github\docker-java\docker-java-api\3.2.14\docker-java-api-3.2.14.jar;C:\Users\Khushi\.m2\repository\org\bouncycastle\bcpkix-jdk15on\1.64\bcpkix-jdk15on-1.64.jar;C:\Users\Khushi\.m2\repository\org\bouncycastle\bcprov-jdk15on\1.64\bcprov-jdk15on-1.64.jar;C:\Users\Khushi\.m2\repository\org\slf4j\jcl-over-slf4j\1.7.30\jcl-over-slf4j-1.7.30.jar;C:\Users\Khushi\.m2\repository\com\github\docker-java\docker-java-transport-httpclient5\3.2.14\docker-java-transport-httpclient5-3.2.14.jar;C:\Users\Khushi\.m2\repository\com\github\docker-java\docker-java-transport\3.2.14\docker-java-transport-3.2.14.jar;C:\Users\Khushi\.m2\repository\net\java\dev\jna\jna\5.12.1\jna-5.12.1.jar;C:\Users\Khushi\.m2\repository\org\brotli\dec\0.1.2\dec-0.1.2.jar;C:\Users\Khushi\.m2\repository\org\apache\httpcomponents\client5\httpclient5\5.2.1\httpclient5-5.2.1.jar;C:\Users\Khushi\.m2\repository\org\apache\httpcomponents\core5\httpcore5\5.2\httpcore5-5.2.jar;C:\Users\Khushi\.m2\repository\org\apache\httpcomponents\core5\httpcore5-h2\5.2\httpcore5-h2-5.2.jar;C:\Program Files\Java\jdk-20\lib\tools-1.5.0.jar;C:\Users\Khushi\.m2\repository\com\google\guava\guava\31.0.1-jre\guava-31.0.1-jre.jar;C:\Users\Khushi\.m2\repository\com\google\guava\failureaccess\1.0.1\failureaccess-1.0.1.jar;C:\Users\Khushi\.m2\repository\com\google\guava\listenablefuture\9999.0-empty-to-avoid-conflict-with-guava\listenablefuture-9999.0-empty-to-avoid-conflict-with-guava.jar;C:\Users\Khushi\.m2\repository\com\google\code\findbugs\jsr305\3.0.2\jsr305-3.0.2.jar;C:\Users\Khushi\.m2\repository\org\checkerframework\checker-qual\3.12.0\checker-qual-3.12.0.jar;C:\Users\Khushi\.m2\repository\com\google\errorprone\error_prone_annotations\2.7.1\error_prone_annotations-2.7.1.jar;C:\Users\Khushi\.m2\repository\com\google\j2objc\j2objc-annotations\1.3\j2objc-annotations-1.3.jar;C:\Users\Khushi\.m2\repository\io\qameta\allure\allure-cucumber7-jvm\2.21.0\allure-cucumber7-jvm-2.21.0.jar;C:\Users\Khushi\.m2\repository\io\qameta\allure\allure-java-commons\2.21.0\allure-java-commons-2.21.0.jar;C:\Users\Khushi\.m2\repository\io\qameta\allure\allure-model\2.21.0\allure-model-2.21.0.jar;C:\Users\Khushi\.m2\repository\commons-io\commons-io\2.11.0\commons-io-2.11.0.jar;C:\Users\Khushi\.m2\repository\org\apache\poi\poi\5.2.3\poi-5.2.3.jar;C:\Users\Khushi\.m2\repository\commons-codec\commons-codec\1.15\commons-codec-1.15.jar;C:\Users\Khushi\.m2\repository\org\apache\commons\commons-math3\3.6.1\commons-math3-3.6.1.jar;C:\Users\Khushi\.m2\repository\com\zaxxer\SparseBitSet\1.2\SparseBitSet-1.2.jar;C:\Users\Khushi\.m2\repository\org\apache\logging\log4j\log4j-api\2.18.0\log4j-api-2.18.0.jar;C:\Users\Khushi\.m2\repository\org\apache\poi\poi-ooxml\5.2.3\poi-ooxml-5.2.3.jar;C:\Users\Khushi\.m2\repository\org\apache\poi\poi-ooxml-lite\5.2.3\poi-ooxml-lite-5.2.3.jar;C:\Users\Khushi\.m2\repository\org\apache\xmlbeans\xmlbeans\5.1.1\xmlbeans-5.1.1.jar;C:\Users\Khushi\.m2\repository\org\apache\commons\commons-compress\1.21\commons-compress-1.21.jar;C:\Users\Khushi\.m2\repository\com\github\virtuald\curvesapi\1.07\curvesapi-1.07.jar;C:\Users\Khushi\.m2\repository\pl\pragmatists\JUnitParams\1.1.1\JUnitParams-1.1.1.jar;"/>
    <property name="sun.cpu.endian" value="little"/>
    <property name="user.home" value="C:\Users\Khushi"/>
    <property name="user.language" value="en"/>
    <property name="java.specification.vendor" value="Oracle Corporation"/>
    <property name="java.version.date" value="2023-01-17"/>
    <property name="java.home" value="C:\Users\Khushi\.p2\pool\plugins\org.eclipse.justj.openjdk.hotspot.jre.full.win32.x86_64_17.0.6.v20230204-1729\jre"/>
    <property name="file.separator" value="\"/>
    <property name="style.color" value="always"/>
    <property name="basedir" value="C:\Users\Khushi\Desktop\Nitin\EclipsWorkspace\MyFrame"/>
    <property name="java.vm.compressedOopsMode" value="Zero based"/>
    <property name="line.separator" value="&#10;"/>
    <property name="java.vm.specification.vendor" value="Oracle Corporation"/>
    <property name="java.specification.name" value="Java Platform API Specification"/>
    <property name="surefire.real.class.path" value="C:\Users\Khushi\AppData\Local\Temp\surefire7837910555390944030\surefirebooter5806587812330949547.jar"/>
    <property name="user.script" value=""/>
    <property name="sun.management.compiler" value="HotSpot 64-Bit Tiered Compilers"/>
    <property name="java.runtime.version" value="17.0.6+10"/>
    <property name="user.name" value="Khushi"/>
    <property name="path.separator" value=";"/>
    <property name="os.version" value="10.0"/>
    <property name="java.runtime.name" value="OpenJDK Runtime Environment"/>
    <property name="file.encoding" value="Cp1252"/>
    <property name="java.vm.name" value="OpenJDK 64-Bit Server VM"/>
    <property name="java.vendor.version" value="Temurin-17.0.6+10"/>
    <property name="localRepository" value="C:\Users\Khushi\.m2\repository"/>
    <property name="java.vendor.url.bug" value="https://github.com/adoptium/adoptium-support/issues"/>
    <property name="java.io.tmpdir" value="C:\Users\Khushi\AppData\Local\Temp\"/>
    <property name="java.version" value="17.0.6"/>
    <property name="user.dir" value="C:\Users\Khushi\Desktop\Nitin\EclipsWorkspace\MyFrame"/>
    <property name="os.arch" value="amd64"/>
    <property name="java.vm.specification.name" value="Java Virtual Machine Specification"/>
    <property name="sun.os.patch.level" value=""/>
    <property name="native.encoding" value="Cp1252"/>
    <property name="java.library.path" value="C:\Users\Khushi\.p2\pool\plugins\org.eclipse.justj.openjdk.hotspot.jre.full.win32.x86_64_17.0.6.v20230204-1729\jre\bin;C:\Windows\Sun\Java\bin;C:\Windows\system32;C:\Windows;C:/Users/Khushi/.p2/pool/plugins/org.eclipse.justj.openjdk.hotspot.jre.full.win32.x86_64_17.0.6.v20230204-1729/jre/bin/server;C:/Users/Khushi/.p2/pool/plugins/org.eclipse.justj.openjdk.hotspot.jre.full.win32.x86_64_17.0.6.v20230204-1729/jre/bin;C:\Program Files\Common Files\Oracle\Java\javapath;C:\Windows\system32;C:\Windows;C:\Windows\System32\Wbem;C:\Windows\System32\WindowsPowerShell\v1.0\;C:\Windows\System32\OpenSSH\;C:\Program Files\nodejs\;C:\Program Files\Java\jdk-20\bin;C:\Users\Khushi\Downloads\MySoft\allure-2.21.0\allure-2.21.0\bin;C:\Program Files\Git\cmd;C:\Users\Khushi\AppData\Local\Microsoft\WindowsApps;;C:\Users\Khushi\AppData\Local\Programs\Microsoft VS Code\bin;C:\Users\Khushi\AppData\Roaming\npm;C:\Windows\System32;;."/>
    <property name="java.vm.info" value="mixed mode"/>
    <property name="java.vendor" value="Eclipse Adoptium"/>
    <property name="java.vm.version" value="17.0.6+10"/>
    <property name="sun.io.unicode.encoding" value="UnicodeLittle"/>
    <property name="java.class.version" value="61.0"/>
  </properties>
  <testcase name="Perform key board function" classname="Selenium-Framework-Practice #2" time="46.499">
    <error message="Index 19 out of bounds for length 0" type="java.lang.IndexOutOfBoundsException">java.lang.IndexOutOfBoundsException: Index 19 out of bounds for length 0
</error>
    <system-out><![CDATA[?????????????????????????????????????????????????????????????????????????????????????
? Share your Cucumber Report with your team at https://reports.cucumber.io          ?
? Activate publishing with one of the following:                                    ?
?                                                                                   ?
? src/test/resources/cucumber.properties:          cucumber.publish.enabled=true    ?
? src/test/resources/junit-platform.properties:    cucumber.publish.enabled=true    ?
? Environment variable:                            CUCUMBER_PUBLISH_ENABLED=true    ?
? JUnit:                                           @CucumberOptions(publish = true) ?
?                                                                                   ?
? More information at https://cucumber.io/docs/cucumber/environment-variables/      ?
?                                                                                   ?
? Disable this message with one of the following:                                   ?
?                                                                                   ?
? src/test/resources/cucumber.properties:          cucumber.publish.quiet=true      ?
? src/test/resources/junit-platform.properties:    cucumber.publish.quiet=true      ?
?????????????????????????????????????????????????????????????????????????????????????

@KeyboardFunctions
Scenario: Perform key board function                          # Features/SeleniumFramPractice2.feature:11
Output == Before
[DEBUG] Resolution chrome=114 in cache (valid until 12:49:54 11/06/2023 IST)
[DEBUG] Resolution chrome114=114.0.5735.90 in cache (valid until 10:49:24 12/06/2023 IST)
[INFO] Using chromedriver 114.0.5735.90 (resolved driver for Chrome 114)
[DEBUG] Driver chromedriver 114.0.5735.90 found in cache
[INFO] Exporting webdriver.chrome.driver as C:\Users\Khushi\.cache\selenium\chromedriver\win32\114.0.5735.90\chromedriver.exe
[DEBUG] Using SLF4J as the default logging framework
[DEBUG] -Dio.netty.leakDetection.level: simple
[DEBUG] -Dio.netty.leakDetection.targetRecords: 4
[DEBUG] Loaded default ResourceLeakDetector: io.netty.util.ResourceLeakDetector@4c0da7fd
[DEBUG] -Dio.netty.noUnsafe: false
[DEBUG] Java version: 17
[DEBUG] sun.misc.Unsafe.theUnsafe: available
[DEBUG] sun.misc.Unsafe.copyMemory: available
[DEBUG] sun.misc.Unsafe.storeFence: available
[DEBUG] java.nio.Buffer.address: available
[DEBUG] direct buffer constructor: unavailable: Reflective setAccessible(true) disabled
[DEBUG] java.nio.Bits.unaligned: available, true
[DEBUG] jdk.internal.misc.Unsafe.allocateUninitializedArray(int): unavailable: class io.netty.util.internal.PlatformDependent0$7 cannot access class jdk.internal.misc.Unsafe (in module java.base) because module java.base does not export jdk.internal.misc to unnamed module @50a7bc6e
[DEBUG] java.nio.DirectByteBuffer.<init>(long, int): unavailable
[DEBUG] sun.misc.Unsafe: available
[DEBUG] maxDirectMemory: 4135583744 bytes (maybe)
[DEBUG] -Dio.netty.tmpdir: C:\Users\Khushi\AppData\Local\Temp (java.io.tmpdir)
[DEBUG] -Dio.netty.bitMode: 64 (sun.arch.data.model)
[DEBUG] Platform: Windows
[DEBUG] -Dio.netty.maxDirectMemory: -1 bytes
[DEBUG] -Dio.netty.uninitializedArrayAllocationThreshold: -1
[DEBUG] java.nio.ByteBuffer.cleaner(): available
[DEBUG] -Dio.netty.noPreferDirect: false
[DEBUG] org.jctools-core.MpscChunkedArrayQueue: available
[DEBUG] -Dio.netty.threadLocalMap.stringBuilder.initialSize: 1024
[DEBUG] -Dio.netty.threadLocalMap.stringBuilder.maxSize: 4096
[DEBUG] Default protocols (JDK): [TLSv1.3, TLSv1.2] 
[DEBUG] Default cipher suites (JDK): [TLS_ECDHE_ECDSA_WITH_AES_256_GCM_SHA384, TLS_ECDHE_ECDSA_WITH_AES_128_GCM_SHA256, TLS_ECDHE_RSA_WITH_AES_128_GCM_SHA256, TLS_ECDHE_RSA_WITH_AES_256_GCM_SHA384, TLS_ECDHE_RSA_WITH_AES_128_CBC_SHA, TLS_ECDHE_RSA_WITH_AES_256_CBC_SHA, TLS_RSA_WITH_AES_128_GCM_SHA256, TLS_RSA_WITH_AES_128_CBC_SHA, TLS_RSA_WITH_AES_256_CBC_SHA, TLS_AES_128_GCM_SHA256, TLS_AES_256_GCM_SHA384]
[DEBUG] -Dio.netty.globalEventExecutor.quietPeriodSeconds: 1
[DEBUG] -Dio.netty.eventLoopThreads: 24
[DEBUG] -Dio.netty.noKeySetOptimization: false
[DEBUG] -Dio.netty.selectorAutoRebuildThreshold: 512
[DEBUG] -Dio.netty.allocator.numHeapArenas: 24
[DEBUG] -Dio.netty.allocator.numDirectArenas: 24
[DEBUG] -Dio.netty.allocator.pageSize: 8192
[DEBUG] -Dio.netty.allocator.maxOrder: 9
[DEBUG] -Dio.netty.allocator.chunkSize: 4194304
[DEBUG] -Dio.netty.allocator.smallCacheSize: 256
[DEBUG] -Dio.netty.allocator.normalCacheSize: 64
[DEBUG] -Dio.netty.allocator.maxCachedBufferCapacity: 32768
[DEBUG] -Dio.netty.allocator.cacheTrimInterval: 8192
[DEBUG] -Dio.netty.allocator.cacheTrimIntervalMillis: 0
[DEBUG] -Dio.netty.allocator.useCacheForAllThreads: false
[DEBUG] -Dio.netty.allocator.maxCachedByteBuffersPerChunk: 1023
[DEBUG] -Dio.netty.allocator.type: pooled
[DEBUG] -Dio.netty.threadLocalDirectBufferSize: 0
[DEBUG] -Dio.netty.maxThreadLocalCharBufferSize: 16384
[DEBUG] Using new Channel '[id: 0x4399a49d, L:/127.0.0.1:58280 - R:localhost/127.0.0.1:31219]' for 'POST' to '/session'
[DEBUG] -Dio.netty.recycler.maxCapacityPerThread: 4096
[DEBUG] -Dio.netty.recycler.ratio: 8
[DEBUG] -Dio.netty.recycler.chunkSize: 32
[DEBUG] -Dio.netty.recycler.blocking: false
[DEBUG] -Dio.netty.recycler.batchFastThreadLocalOnly: true
[DEBUG] brotli4j not in the classpath; Brotli support will be unavailable.
[DEBUG] 

Request DefaultHttpRequest(decodeResult: success, version: HTTP/1.1)
POST /session HTTP/1.1
User-Agent: selenium/4.8.3 (java windows)
Content-Length: 439
Content-Type: application/json; charset=utf-8
host: localhost:31219
accept: */*

Response DefaultHttpResponse(decodeResult: success, version: HTTP/1.1)
HTTP/1.1 200 OK
Content-Length: 861
Content-Type: application/json; charset=utf-8
cache-control: no-cache

[DEBUG] Adding key: http://localhost:31219 for channel [id: 0x4399a49d, L:/127.0.0.1:58280 - R:localhost/127.0.0.1:31219]
[DEBUG] Using new Channel '[id: 0x3f2446d2, L:/127.0.0.1:58295 - R:localhost/127.0.0.1:58282]' for 'GET' to '/json/version'
[DEBUG] 

Request DefaultFullHttpRequest(decodeResult: success, version: HTTP/1.1, content: EmptyByteBufBE)
GET /json/version HTTP/1.1
User-Agent: selenium/4.8.3 (java windows)
host: localhost:58282
accept: */*

Response DefaultHttpResponse(decodeResult: success, version: HTTP/1.1)
HTTP/1.1 200 OK
Content-Security-Policy: frame-ancestors 'none'
Content-Length: 424
Content-Type: application/json; charset=UTF-8

[DEBUG] Adding key: http://localhost:58282 for channel [id: 0x3f2446d2, L:/127.0.0.1:58295 - R:localhost/127.0.0.1:58282]
[DEBUG] -Dio.netty.initialSeedUniquifier: 0x6a5696c3f382f4ed
[DEBUG] Using new Channel '[id: 0xd8c1c315, L:/127.0.0.1:58296 - R:localhost/127.0.0.1:58282]' for 'GET' to '/devtools/browser/c8645a4a-3b25-45ac-a093-63a92e23693d'
[DEBUG] 

Request DefaultFullHttpRequest(decodeResult: success, version: HTTP/1.1, content: EmptyByteBufBE)
GET /devtools/browser/c8645a4a-3b25-45ac-a093-63a92e23693d HTTP/1.1
upgrade: websocket
connection: upgrade
sec-websocket-key: 3PzBd36c+lbQO8sf1rZltQ==
sec-websocket-version: 13
origin: http://localhost:58282
host: localhost:58282
accept: */*
user-agent: AHC/2.1

Response DefaultHttpResponse(decodeResult: success, version: HTTP/1.1)
HTTP/1.1 101 WebSocket Protocol Handshake
Upgrade: WebSocket
Connection: Upgrade
Sec-WebSocket-Accept: FkNhBR4UVvqIKyl4LfpCi2KfeaM=

[DEBUG] Entry count for : http://localhost:58282 : 1
[DEBUG] Entry count for : http://localhost:31219 : 1
[DEBUG] Entry count for : http://localhost:44411 : 1
[DEBUG] Entry count for : http://localhost:58281 : 1
[DEBUG] Using pooled Channel '[id: 0x4399a49d, L:/127.0.0.1:58280 - R:localhost/127.0.0.1:31219]' for 'POST' to 'http://localhost:31219/session/ef9c975180a494f538484de40f55b2cf/window/maximize'
[DEBUG] Using open Channel [id: 0x4399a49d, L:/127.0.0.1:58280 - R:localhost/127.0.0.1:31219] for POST '/session/ef9c975180a494f538484de40f55b2cf/window/maximize'
[DEBUG] 

Request DefaultHttpRequest(decodeResult: success, version: HTTP/1.1)
POST /session/ef9c975180a494f538484de40f55b2cf/window/maximize HTTP/1.1
User-Agent: selenium/4.8.3 (java windows)
Content-Length: 3
Content-Type: application/json; charset=utf-8
host: localhost:31219
accept: */*

Response DefaultHttpResponse(decodeResult: success, version: HTTP/1.1)
HTTP/1.1 200 OK
Content-Length: 51
Content-Type: application/json; charset=utf-8
cache-control: no-cache

[DEBUG] Adding key: http://localhost:31219 for channel [id: 0x4399a49d, L:/127.0.0.1:58280 - R:localhost/127.0.0.1:31219]
[DEBUG] 

Request DefaultHttpRequest(decodeResult: success, version: HTTP/1.1)
POST /session/ef9c975180a494f538484de40f55b2cf/timeouts HTTP/1.1
User-Agent: selenium/4.8.3 (java windows)
Content-Length: 23
Content-Type: application/json; charset=utf-8
host: localhost:31219
accept: */*

Response DefaultHttpResponse(decodeResult: success, version: HTTP/1.1)
HTTP/1.1 200 OK
Content-Length: 14
Content-Type: application/json; charset=utf-8
cache-control: no-cache

[DEBUG] Adding key: http://localhost:31219 for channel [id: 0x4399a49d, L:/127.0.0.1:58280 - R:localhost/127.0.0.1:31219]
[DEBUG] Using new Channel '[id: 0xa45c3bbb, L:/127.0.0.1:58301 - R:localhost/127.0.0.1:31219]' for 'POST' to '/session/ef9c975180a494f538484de40f55b2cf/timeouts'
[DEBUG] 

Request DefaultHttpRequest(decodeResult: success, version: HTTP/1.1)
POST /session/ef9c975180a494f538484de40f55b2cf/timeouts HTTP/1.1
User-Agent: selenium/4.8.3 (java windows)
Content-Length: 23
Content-Type: application/json; charset=utf-8
host: localhost:31219
accept: */*

Response DefaultHttpResponse(decodeResult: success, version: HTTP/1.1)
HTTP/1.1 200 OK
Content-Length: 14
Content-Type: application/json; charset=utf-8
cache-control: no-cache

[DEBUG] Adding key: http://localhost:31219 for channel [id: 0xa45c3bbb, L:/127.0.0.1:58301 - R:localhost/127.0.0.1:31219]
[DEBUG] Using pooled Channel '[id: 0xa45c3bbb, L:/127.0.0.1:58301 - R:localhost/127.0.0.1:31219]' for 'POST' to 'http://localhost:31219/session/ef9c975180a494f538484de40f55b2cf/timeouts'
[DEBUG] Using open Channel [id: 0xa45c3bbb, L:/127.0.0.1:58301 - R:localhost/127.0.0.1:31219] for POST '/session/ef9c975180a494f538484de40f55b2cf/timeouts'
[DEBUG] 

Request DefaultHttpRequest(decodeResult: success, version: HTTP/1.1)
POST /session/ef9c975180a494f538484de40f55b2cf/timeouts HTTP/1.1
User-Agent: selenium/4.8.3 (java windows)
Content-Length: 23
Content-Type: application/json; charset=utf-8
host: localhost:31219
accept: */*

Response DefaultHttpResponse(decodeResult: success, version: HTTP/1.1)
HTTP/1.1 200 OK
Content-Length: 14
Content-Type: application/json; charset=utf-8
cache-control: no-cache

[DEBUG] 

Request DefaultHttpRequest(decodeResult: success, version: HTTP/1.1)
POST /session/ef9c975180a494f538484de40f55b2cf/timeouts HTTP/1.1
User-Agent: selenium/4.8.3 (java windows)
Content-Length: 23
Content-Type: application/json; charset=utf-8
host: localhost:31219
accept: */*

Response DefaultHttpResponse(decodeResult: success, version: HTTP/1.1)
HTTP/1.1 200 OK
Content-Length: 14
Content-Type: application/json; charset=utf-8
cache-control: no-cache

[DEBUG] Adding key: http://localhost:31219 for channel [id: 0x4399a49d, L:/127.0.0.1:58280 - R:localhost/127.0.0.1:31219]
[DEBUG] Adding key: http://localhost:31219 for channel [id: 0xa45c3bbb, L:/127.0.0.1:58301 - R:localhost/127.0.0.1:31219]
Output == BeforeStep
[DEBUG] Using pooled Channel '[id: 0x4399a49d, L:/127.0.0.1:58280 - R:localhost/127.0.0.1:31219]' for 'POST' to 'http://localhost:31219/session/ef9c975180a494f538484de40f55b2cf/url'
[DEBUG] Using open Channel [id: 0x4399a49d, L:/127.0.0.1:58280 - R:localhost/127.0.0.1:31219] for POST '/session/ef9c975180a494f538484de40f55b2cf/url'
[DEBUG] Entry count for : http://localhost:58282 : 1
[DEBUG] Entry count for : http://localhost:44411 : 1
[DEBUG] Entry count for : http://localhost:58281 : 1
[DEBUG] Entry count for : http://localhost:58282 : 1
[DEBUG] Entry count for : http://localhost:44411 : 1
[DEBUG] Entry count for : http://localhost:58281 : 1
[DEBUG] Entry count for : http://localhost:58282 : 1
[DEBUG] Entry count for : http://localhost:44411 : 1
[DEBUG] Entry count for : http://localhost:58281 : 1
[DEBUG] Entry count for : http://localhost:58282 : 1
[DEBUG] Entry count for : http://localhost:44411 : 1
[DEBUG] Entry count for : http://localhost:58281 : 1
[DEBUG] Entry count for : http://localhost:58282 : 1
[DEBUG] Entry count for : http://localhost:44411 : 1
[DEBUG] Entry count for : http://localhost:58281 : 1
[DEBUG] Entry count for : http://localhost:58282 : 1
[DEBUG] Entry count for : http://localhost:44411 : 1
[DEBUG] Entry count for : http://localhost:58281 : 1
[DEBUG] Entry count for : http://localhost:58282 : 1
[DEBUG] Entry count for : http://localhost:44411 : 1
[DEBUG] Entry count for : http://localhost:58281 : 1
[DEBUG] Entry count for : http://localhost:58282 : 1
[DEBUG] Entry count for : http://localhost:44411 : 1
[DEBUG] Entry count for : http://localhost:58281 : 1
[DEBUG] Entry count for : http://localhost:58282 : 1
[DEBUG] Entry count for : http://localhost:44411 : 1
[DEBUG] Entry count for : http://localhost:58281 : 1
[DEBUG] Entry count for : http://localhost:58282 : 1
[DEBUG] Entry count for : http://localhost:44411 : 1
[DEBUG] Entry count for : http://localhost:58281 : 1
[DEBUG] Entry count for : http://localhost:58282 : 1
[DEBUG] Entry count for : http://localhost:44411 : 1
[DEBUG] Entry count for : http://localhost:58281 : 1
[DEBUG] 

Request DefaultHttpRequest(decodeResult: success, version: HTTP/1.1)
POST /session/ef9c975180a494f538484de40f55b2cf/url HTTP/1.1
User-Agent: selenium/4.8.3 (java windows)
Content-Length: 65
Content-Type: application/json; charset=utf-8
host: localhost:31219
accept: */*

Response DefaultHttpResponse(decodeResult: success, version: HTTP/1.1)
HTTP/1.1 200 OK
Content-Length: 14
Content-Type: application/json; charset=utf-8
cache-control: no-cache

[DEBUG] Adding key: http://localhost:31219 for channel [id: 0x4399a49d, L:/127.0.0.1:58280 - R:localhost/127.0.0.1:31219]
  Given I lauch auotmation demo website for practice selenium # StepDefinitions.SeleniumFraStepDef.i_lauch_auotmation_demo_website_for_practice_selenium()
Output == AfterStep
Output == BeforeStep
[DEBUG] Using pooled Channel '[id: 0x4399a49d, L:/127.0.0.1:58280 - R:localhost/127.0.0.1:31219]' for 'POST' to 'http://localhost:31219/session/ef9c975180a494f538484de40f55b2cf/elements'
[DEBUG] Using open Channel [id: 0x4399a49d, L:/127.0.0.1:58280 - R:localhost/127.0.0.1:31219] for POST '/session/ef9c975180a494f538484de40f55b2cf/elements'
[DEBUG] 

Request DefaultHttpRequest(decodeResult: success, version: HTTP/1.1)
POST /session/ef9c975180a494f538484de40f55b2cf/url HTTP/1.1
User-Agent: selenium/4.8.3 (java windows)
Content-Length: 65
Content-Type: application/json; charset=utf-8
host: localhost:31219
accept: */*

Response DefaultHttpResponse(decodeResult: success, version: HTTP/1.1)
HTTP/1.1 200 OK
Content-Length: 14
Content-Type: application/json; charset=utf-8
cache-control: no-cache

[DEBUG] Adding key: http://localhost:31219 for channel [id: 0xa45c3bbb, L:/127.0.0.1:58301 - R:localhost/127.0.0.1:31219]
[DEBUG] 

Request DefaultHttpRequest(decodeResult: success, version: HTTP/1.1)
POST /session/ef9c975180a494f538484de40f55b2cf/elements HTTP/1.1
User-Agent: selenium/4.8.3 (java windows)
Content-Length: 86
Content-Type: application/json; charset=utf-8
host: localhost:31219
accept: */*

Response DefaultHttpResponse(decodeResult: success, version: HTTP/1.1)
HTTP/1.1 200 OK
Content-Length: 3790
Content-Type: application/json; charset=utf-8
cache-control: no-cache

[DEBUG] Adding key: http://localhost:31219 for channel [id: 0x4399a49d, L:/127.0.0.1:58280 - R:localhost/127.0.0.1:31219]
[DEBUG] 

Request DefaultHttpRequest(decodeResult: success, version: HTTP/1.1)
POST /session/ef9c975180a494f538484de40f55b2cf/elements HTTP/1.1
User-Agent: selenium/4.8.3 (java windows)
Content-Length: 86
Content-Type: application/json; charset=utf-8
host: localhost:31219
accept: */*

Response DefaultHttpResponse(decodeResult: success, version: HTTP/1.1)
HTTP/1.1 200 OK
Content-Length: 3790
Content-Type: application/json; charset=utf-8
cache-control: no-cache

[DEBUG] Adding key: http://localhost:31219 for channel [id: 0xa45c3bbb, L:/127.0.0.1:58301 - R:localhost/127.0.0.1:31219]
[DEBUG] Using pooled Channel '[id: 0xa45c3bbb, L:/127.0.0.1:58301 - R:localhost/127.0.0.1:31219]' for 'POST' to 'http://localhost:31219/session/ef9c975180a494f538484de40f55b2cf/elements'
[DEBUG] Using open Channel [id: 0xa45c3bbb, L:/127.0.0.1:58301 - R:localhost/127.0.0.1:31219] for POST '/session/ef9c975180a494f538484de40f55b2cf/elements'
[DEBUG] 

Request DefaultHttpRequest(decodeResult: success, version: HTTP/1.1)
POST /session/ef9c975180a494f538484de40f55b2cf/elements HTTP/1.1
User-Agent: selenium/4.8.3 (java windows)
Content-Length: 86
Content-Type: application/json; charset=utf-8
host: localhost:31219
accept: */*

Response DefaultHttpResponse(decodeResult: success, version: HTTP/1.1)
HTTP/1.1 200 OK
Content-Length: 3790
Content-Type: application/json; charset=utf-8
cache-control: no-cache

[DEBUG] Adding key: http://localhost:31219 for channel [id: 0xa45c3bbb, L:/127.0.0.1:58301 - R:localhost/127.0.0.1:31219]
[DEBUG] Using pooled Channel '[id: 0xa45c3bbb, L:/127.0.0.1:58301 - R:localhost/127.0.0.1:31219]' for 'GET' to 'http://localhost:31219/session/ef9c975180a494f538484de40f55b2cf/element/5775BB1B5D6E3100F33BD9156B88B3FD_element_5/text'
[DEBUG] Using open Channel [id: 0xa45c3bbb, L:/127.0.0.1:58301 - R:localhost/127.0.0.1:31219] for GET '/session/ef9c975180a494f538484de40f55b2cf/element/5775BB1B5D6E3100F33BD9156B88B3FD_element_5/text'
[DEBUG] 

Request DefaultHttpRequest(decodeResult: success, version: HTTP/1.1)
POST /session/ef9c975180a494f538484de40f55b2cf/elements HTTP/1.1
User-Agent: selenium/4.8.3 (java windows)
Content-Length: 86
Content-Type: application/json; charset=utf-8
host: localhost:31219
accept: */*

Response DefaultHttpResponse(decodeResult: success, version: HTTP/1.1)
HTTP/1.1 200 OK
Content-Length: 3790
Content-Type: application/json; charset=utf-8
cache-control: no-cache

[DEBUG] Adding key: http://localhost:31219 for channel [id: 0x4399a49d, L:/127.0.0.1:58280 - R:localhost/127.0.0.1:31219]
[DEBUG] 

Request DefaultFullHttpRequest(decodeResult: success, version: HTTP/1.1, content: EmptyByteBufBE)
GET /session/ef9c975180a494f538484de40f55b2cf/element/5775BB1B5D6E3100F33BD9156B88B3FD_element_5/text HTTP/1.1
User-Agent: selenium/4.8.3 (java windows)
Cache-Control: no-cache
Content-Type: application/json; charset=utf-8
host: localhost:31219
accept: */*

Response DefaultHttpResponse(decodeResult: success, version: HTTP/1.1)
HTTP/1.1 200 OK
Content-Length: 23
Content-Type: application/json; charset=utf-8
cache-control: no-cache

[DEBUG] Adding key: http://localhost:31219 for channel [id: 0xa45c3bbb, L:/127.0.0.1:58301 - R:localhost/127.0.0.1:31219]
[DEBUG] Using pooled Channel '[id: 0xa45c3bbb, L:/127.0.0.1:58301 - R:localhost/127.0.0.1:31219]' for 'POST' to 'http://localhost:31219/session/ef9c975180a494f538484de40f55b2cf/elements'
[DEBUG] Using open Channel [id: 0xa45c3bbb, L:/127.0.0.1:58301 - R:localhost/127.0.0.1:31219] for POST '/session/ef9c975180a494f538484de40f55b2cf/elements'
[DEBUG] 

Request DefaultFullHttpRequest(decodeResult: success, version: HTTP/1.1, content: EmptyByteBufBE)
GET /session/ef9c975180a494f538484de40f55b2cf/element/5775BB1B5D6E3100F33BD9156B88B3FD_element_5/text HTTP/1.1
User-Agent: selenium/4.8.3 (java windows)
Cache-Control: no-cache
Content-Type: application/json; charset=utf-8
host: localhost:31219
accept: */*

Response DefaultHttpResponse(decodeResult: success, version: HTTP/1.1)
HTTP/1.1 200 OK
Content-Length: 23
Content-Type: application/json; charset=utf-8
cache-control: no-cache

[DEBUG] Adding key: http://localhost:31219 for channel [id: 0x4399a49d, L:/127.0.0.1:58280 - R:localhost/127.0.0.1:31219]
[DEBUG] 

Request DefaultHttpRequest(decodeResult: success, version: HTTP/1.1)
POST /session/ef9c975180a494f538484de40f55b2cf/elements HTTP/1.1
User-Agent: selenium/4.8.3 (java windows)
Content-Length: 86
Content-Type: application/json; charset=utf-8
host: localhost:31219
accept: */*

Response DefaultHttpResponse(decodeResult: success, version: HTTP/1.1)
HTTP/1.1 200 OK
Content-Length: 3790
Content-Type: application/json; charset=utf-8
cache-control: no-cache

[DEBUG] Adding key: http://localhost:31219 for channel [id: 0xa45c3bbb, L:/127.0.0.1:58301 - R:localhost/127.0.0.1:31219]
[DEBUG] Using pooled Channel '[id: 0xa45c3bbb, L:/127.0.0.1:58301 - R:localhost/127.0.0.1:31219]' for 'GET' to 'http://localhost:31219/session/ef9c975180a494f538484de40f55b2cf/element/5775BB1B5D6E3100F33BD9156B88B3FD_element_6/text'
[DEBUG] Using open Channel [id: 0xa45c3bbb, L:/127.0.0.1:58301 - R:localhost/127.0.0.1:31219] for GET '/session/ef9c975180a494f538484de40f55b2cf/element/5775BB1B5D6E3100F33BD9156B88B3FD_element_6/text'
[DEBUG] 

Request DefaultHttpRequest(decodeResult: success, version: HTTP/1.1)
POST /session/ef9c975180a494f538484de40f55b2cf/elements HTTP/1.1
User-Agent: selenium/4.8.3 (java windows)
Content-Length: 86
Content-Type: application/json; charset=utf-8
host: localhost:31219
accept: */*

Response DefaultHttpResponse(decodeResult: success, version: HTTP/1.1)
HTTP/1.1 200 OK
Content-Length: 3790
Content-Type: application/json; charset=utf-8
cache-control: no-cache

[DEBUG] Adding key: http://localhost:31219 for channel [id: 0x4399a49d, L:/127.0.0.1:58280 - R:localhost/127.0.0.1:31219]
[DEBUG] 

Request DefaultFullHttpRequest(decodeResult: success, version: HTTP/1.1, content: EmptyByteBufBE)
GET /session/ef9c975180a494f538484de40f55b2cf/element/5775BB1B5D6E3100F33BD9156B88B3FD_element_6/text HTTP/1.1
User-Agent: selenium/4.8.3 (java windows)
Cache-Control: no-cache
Content-Type: application/json; charset=utf-8
host: localhost:31219
accept: */*

Response DefaultHttpResponse(decodeResult: success, version: HTTP/1.1)
HTTP/1.1 200 OK
Content-Length: 31
Content-Type: application/json; charset=utf-8
cache-control: no-cache

[DEBUG] Adding key: http://localhost:31219 for channel [id: 0xa45c3bbb, L:/127.0.0.1:58301 - R:localhost/127.0.0.1:31219]
[DEBUG] Using pooled Channel '[id: 0xa45c3bbb, L:/127.0.0.1:58301 - R:localhost/127.0.0.1:31219]' for 'POST' to 'http://localhost:31219/session/ef9c975180a494f538484de40f55b2cf/elements'
[DEBUG] Using open Channel [id: 0xa45c3bbb, L:/127.0.0.1:58301 - R:localhost/127.0.0.1:31219] for POST '/session/ef9c975180a494f538484de40f55b2cf/elements'
[DEBUG] 

Request DefaultFullHttpRequest(decodeResult: success, version: HTTP/1.1, content: EmptyByteBufBE)
GET /session/ef9c975180a494f538484de40f55b2cf/element/5775BB1B5D6E3100F33BD9156B88B3FD_element_6/text HTTP/1.1
User-Agent: selenium/4.8.3 (java windows)
Cache-Control: no-cache
Content-Type: application/json; charset=utf-8
host: localhost:31219
accept: */*

Response DefaultHttpResponse(decodeResult: success, version: HTTP/1.1)
HTTP/1.1 200 OK
Content-Length: 31
Content-Type: application/json; charset=utf-8
cache-control: no-cache

[DEBUG] Adding key: http://localhost:31219 for channel [id: 0x4399a49d, L:/127.0.0.1:58280 - R:localhost/127.0.0.1:31219]
[DEBUG] 

Request DefaultHttpRequest(decodeResult: success, version: HTTP/1.1)
POST /session/ef9c975180a494f538484de40f55b2cf/elements HTTP/1.1
User-Agent: selenium/4.8.3 (java windows)
Content-Length: 86
Content-Type: application/json; charset=utf-8
host: localhost:31219
accept: */*

Response DefaultHttpResponse(decodeResult: success, version: HTTP/1.1)
HTTP/1.1 200 OK
Content-Length: 3790
Content-Type: application/json; charset=utf-8
cache-control: no-cache

[DEBUG] Adding key: http://localhost:31219 for channel [id: 0xa45c3bbb, L:/127.0.0.1:58301 - R:localhost/127.0.0.1:31219]
[DEBUG] Using pooled Channel '[id: 0xa45c3bbb, L:/127.0.0.1:58301 - R:localhost/127.0.0.1:31219]' for 'GET' to 'http://localhost:31219/session/ef9c975180a494f538484de40f55b2cf/element/5775BB1B5D6E3100F33BD9156B88B3FD_element_7/text'
[DEBUG] Using open Channel [id: 0xa45c3bbb, L:/127.0.0.1:58301 - R:localhost/127.0.0.1:31219] for GET '/session/ef9c975180a494f538484de40f55b2cf/element/5775BB1B5D6E3100F33BD9156B88B3FD_element_7/text'
[DEBUG] 

Request DefaultHttpRequest(decodeResult: success, version: HTTP/1.1)
POST /session/ef9c975180a494f538484de40f55b2cf/elements HTTP/1.1
User-Agent: selenium/4.8.3 (java windows)
Content-Length: 86
Content-Type: application/json; charset=utf-8
host: localhost:31219
accept: */*

Response DefaultHttpResponse(decodeResult: success, version: HTTP/1.1)
HTTP/1.1 200 OK
Content-Length: 3790
Content-Type: application/json; charset=utf-8
cache-control: no-cache

[DEBUG] Adding key: http://localhost:31219 for channel [id: 0x4399a49d, L:/127.0.0.1:58280 - R:localhost/127.0.0.1:31219]
[DEBUG] 

Request DefaultFullHttpRequest(decodeResult: success, version: HTTP/1.1, content: EmptyByteBufBE)
GET /session/ef9c975180a494f538484de40f55b2cf/element/5775BB1B5D6E3100F33BD9156B88B3FD_element_7/text HTTP/1.1
User-Agent: selenium/4.8.3 (java windows)
Cache-Control: no-cache
Content-Type: application/json; charset=utf-8
host: localhost:31219
accept: */*

Response DefaultHttpResponse(decodeResult: success, version: HTTP/1.1)
HTTP/1.1 200 OK
Content-Length: 22
Content-Type: application/json; charset=utf-8
cache-control: no-cache

[DEBUG] Adding key: http://localhost:31219 for channel [id: 0xa45c3bbb, L:/127.0.0.1:58301 - R:localhost/127.0.0.1:31219]
[DEBUG] Using pooled Channel '[id: 0xa45c3bbb, L:/127.0.0.1:58301 - R:localhost/127.0.0.1:31219]' for 'POST' to 'http://localhost:31219/session/ef9c975180a494f538484de40f55b2cf/elements'
[DEBUG] Using open Channel [id: 0xa45c3bbb, L:/127.0.0.1:58301 - R:localhost/127.0.0.1:31219] for POST '/session/ef9c975180a494f538484de40f55b2cf/elements'
[DEBUG] 

Request DefaultFullHttpRequest(decodeResult: success, version: HTTP/1.1, content: EmptyByteBufBE)
GET /session/ef9c975180a494f538484de40f55b2cf/element/5775BB1B5D6E3100F33BD9156B88B3FD_element_7/text HTTP/1.1
User-Agent: selenium/4.8.3 (java windows)
Cache-Control: no-cache
Content-Type: application/json; charset=utf-8
host: localhost:31219
accept: */*

Response DefaultHttpResponse(decodeResult: success, version: HTTP/1.1)
HTTP/1.1 200 OK
Content-Length: 22
Content-Type: application/json; charset=utf-8
cache-control: no-cache

[DEBUG] Adding key: http://localhost:31219 for channel [id: 0x4399a49d, L:/127.0.0.1:58280 - R:localhost/127.0.0.1:31219]
[DEBUG] 

Request DefaultHttpRequest(decodeResult: success, version: HTTP/1.1)
POST /session/ef9c975180a494f538484de40f55b2cf/elements HTTP/1.1
User-Agent: selenium/4.8.3 (java windows)
Content-Length: 86
Content-Type: application/json; charset=utf-8
host: localhost:31219
accept: */*

Response DefaultHttpResponse(decodeResult: success, version: HTTP/1.1)
HTTP/1.1 200 OK
Content-Length: 3790
Content-Type: application/json; charset=utf-8
cache-control: no-cache

[DEBUG] Adding key: http://localhost:31219 for channel [id: 0xa45c3bbb, L:/127.0.0.1:58301 - R:localhost/127.0.0.1:31219]
[DEBUG] Using pooled Channel '[id: 0xa45c3bbb, L:/127.0.0.1:58301 - R:localhost/127.0.0.1:31219]' for 'GET' to 'http://localhost:31219/session/ef9c975180a494f538484de40f55b2cf/element/5775BB1B5D6E3100F33BD9156B88B3FD_element_8/text'
[DEBUG] Using open Channel [id: 0xa45c3bbb, L:/127.0.0.1:58301 - R:localhost/127.0.0.1:31219] for GET '/session/ef9c975180a494f538484de40f55b2cf/element/5775BB1B5D6E3100F33BD9156B88B3FD_element_8/text'
[DEBUG] 

Request DefaultHttpRequest(decodeResult: success, version: HTTP/1.1)
POST /session/ef9c975180a494f538484de40f55b2cf/elements HTTP/1.1
User-Agent: selenium/4.8.3 (java windows)
Content-Length: 86
Content-Type: application/json; charset=utf-8
host: localhost:31219
accept: */*

Response DefaultHttpResponse(decodeResult: success, version: HTTP/1.1)
HTTP/1.1 200 OK
Content-Length: 3790
Content-Type: application/json; charset=utf-8
cache-control: no-cache

[DEBUG] Adding key: http://localhost:31219 for channel [id: 0x4399a49d, L:/127.0.0.1:58280 - R:localhost/127.0.0.1:31219]
[DEBUG] 

Request DefaultFullHttpRequest(decodeResult: success, version: HTTP/1.1, content: EmptyByteBufBE)
GET /session/ef9c975180a494f538484de40f55b2cf/element/5775BB1B5D6E3100F33BD9156B88B3FD_element_8/text HTTP/1.1
User-Agent: selenium/4.8.3 (java windows)
Cache-Control: no-cache
Content-Type: application/json; charset=utf-8
host: localhost:31219
accept: */*

Response DefaultHttpResponse(decodeResult: success, version: HTTP/1.1)
HTTP/1.1 200 OK
Content-Length: 25
Content-Type: application/json; charset=utf-8
cache-control: no-cache

[DEBUG] Adding key: http://localhost:31219 for channel [id: 0xa45c3bbb, L:/127.0.0.1:58301 - R:localhost/127.0.0.1:31219]
[DEBUG] Using pooled Channel '[id: 0xa45c3bbb, L:/127.0.0.1:58301 - R:localhost/127.0.0.1:31219]' for 'POST' to 'http://localhost:31219/session/ef9c975180a494f538484de40f55b2cf/elements'
[DEBUG] Using open Channel [id: 0xa45c3bbb, L:/127.0.0.1:58301 - R:localhost/127.0.0.1:31219] for POST '/session/ef9c975180a494f538484de40f55b2cf/elements'
[DEBUG] 

Request DefaultFullHttpRequest(decodeResult: success, version: HTTP/1.1, content: EmptyByteBufBE)
GET /session/ef9c975180a494f538484de40f55b2cf/element/5775BB1B5D6E3100F33BD9156B88B3FD_element_8/text HTTP/1.1
User-Agent: selenium/4.8.3 (java windows)
Cache-Control: no-cache
Content-Type: application/json; charset=utf-8
host: localhost:31219
accept: */*

Response DefaultHttpResponse(decodeResult: success, version: HTTP/1.1)
HTTP/1.1 200 OK
Content-Length: 25
Content-Type: application/json; charset=utf-8
cache-control: no-cache

[DEBUG] Adding key: http://localhost:31219 for channel [id: 0x4399a49d, L:/127.0.0.1:58280 - R:localhost/127.0.0.1:31219]
[DEBUG] 

Request DefaultHttpRequest(decodeResult: success, version: HTTP/1.1)
POST /session/ef9c975180a494f538484de40f55b2cf/elements HTTP/1.1
User-Agent: selenium/4.8.3 (java windows)
Content-Length: 86
Content-Type: application/json; charset=utf-8
host: localhost:31219
accept: */*

Response DefaultHttpResponse(decodeResult: success, version: HTTP/1.1)
HTTP/1.1 200 OK
Content-Length: 3790
Content-Type: application/json; charset=utf-8
cache-control: no-cache

[DEBUG] Adding key: http://localhost:31219 for channel [id: 0xa45c3bbb, L:/127.0.0.1:58301 - R:localhost/127.0.0.1:31219]
[DEBUG] Using pooled Channel '[id: 0xa45c3bbb, L:/127.0.0.1:58301 - R:localhost/127.0.0.1:31219]' for 'GET' to 'http://localhost:31219/session/ef9c975180a494f538484de40f55b2cf/element/5775BB1B5D6E3100F33BD9156B88B3FD_element_9/text'
[DEBUG] Using open Channel [id: 0xa45c3bbb, L:/127.0.0.1:58301 - R:localhost/127.0.0.1:31219] for GET '/session/ef9c975180a494f538484de40f55b2cf/element/5775BB1B5D6E3100F33BD9156B88B3FD_element_9/text'
[DEBUG] 

Request DefaultHttpRequest(decodeResult: success, version: HTTP/1.1)
POST /session/ef9c975180a494f538484de40f55b2cf/elements HTTP/1.1
User-Agent: selenium/4.8.3 (java windows)
Content-Length: 86
Content-Type: application/json; charset=utf-8
host: localhost:31219
accept: */*

Response DefaultHttpResponse(decodeResult: success, version: HTTP/1.1)
HTTP/1.1 200 OK
Content-Length: 3790
Content-Type: application/json; charset=utf-8
cache-control: no-cache

[DEBUG] Adding key: http://localhost:31219 for channel [id: 0x4399a49d, L:/127.0.0.1:58280 - R:localhost/127.0.0.1:31219]
[DEBUG] 

Request DefaultFullHttpRequest(decodeResult: success, version: HTTP/1.1, content: EmptyByteBufBE)
GET /session/ef9c975180a494f538484de40f55b2cf/element/5775BB1B5D6E3100F33BD9156B88B3FD_element_9/text HTTP/1.1
User-Agent: selenium/4.8.3 (java windows)
Cache-Control: no-cache
Content-Type: application/json; charset=utf-8
host: localhost:31219
accept: */*

Response DefaultHttpResponse(decodeResult: success, version: HTTP/1.1)
HTTP/1.1 200 OK
Content-Length: 27
Content-Type: application/json; charset=utf-8
cache-control: no-cache

[DEBUG] Adding key: http://localhost:31219 for channel [id: 0xa45c3bbb, L:/127.0.0.1:58301 - R:localhost/127.0.0.1:31219]
[DEBUG] Using pooled Channel '[id: 0xa45c3bbb, L:/127.0.0.1:58301 - R:localhost/127.0.0.1:31219]' for 'POST' to 'http://localhost:31219/session/ef9c975180a494f538484de40f55b2cf/elements'
[DEBUG] Using open Channel [id: 0xa45c3bbb, L:/127.0.0.1:58301 - R:localhost/127.0.0.1:31219] for POST '/session/ef9c975180a494f538484de40f55b2cf/elements'
[DEBUG] 

Request DefaultFullHttpRequest(decodeResult: success, version: HTTP/1.1, content: EmptyByteBufBE)
GET /session/ef9c975180a494f538484de40f55b2cf/element/5775BB1B5D6E3100F33BD9156B88B3FD_element_9/text HTTP/1.1
User-Agent: selenium/4.8.3 (java windows)
Cache-Control: no-cache
Content-Type: application/json; charset=utf-8
host: localhost:31219
accept: */*

Response DefaultHttpResponse(decodeResult: success, version: HTTP/1.1)
HTTP/1.1 200 OK
Content-Length: 27
Content-Type: application/json; charset=utf-8
cache-control: no-cache

[DEBUG] Adding key: http://localhost:31219 for channel [id: 0x4399a49d, L:/127.0.0.1:58280 - R:localhost/127.0.0.1:31219]
[DEBUG] 

Request DefaultHttpRequest(decodeResult: success, version: HTTP/1.1)
POST /session/ef9c975180a494f538484de40f55b2cf/elements HTTP/1.1
User-Agent: selenium/4.8.3 (java windows)
Content-Length: 86
Content-Type: application/json; charset=utf-8
host: localhost:31219
accept: */*

Response DefaultHttpResponse(decodeResult: success, version: HTTP/1.1)
HTTP/1.1 200 OK
Content-Length: 3790
Content-Type: application/json; charset=utf-8
cache-control: no-cache

[DEBUG] Adding key: http://localhost:31219 for channel [id: 0xa45c3bbb, L:/127.0.0.1:58301 - R:localhost/127.0.0.1:31219]
[DEBUG] Using pooled Channel '[id: 0xa45c3bbb, L:/127.0.0.1:58301 - R:localhost/127.0.0.1:31219]' for 'GET' to 'http://localhost:31219/session/ef9c975180a494f538484de40f55b2cf/element/5775BB1B5D6E3100F33BD9156B88B3FD_element_10/text'
[DEBUG] Using open Channel [id: 0xa45c3bbb, L:/127.0.0.1:58301 - R:localhost/127.0.0.1:31219] for GET '/session/ef9c975180a494f538484de40f55b2cf/element/5775BB1B5D6E3100F33BD9156B88B3FD_element_10/text'
[DEBUG] 

Request DefaultHttpRequest(decodeResult: success, version: HTTP/1.1)
POST /session/ef9c975180a494f538484de40f55b2cf/elements HTTP/1.1
User-Agent: selenium/4.8.3 (java windows)
Content-Length: 86
Content-Type: application/json; charset=utf-8
host: localhost:31219
accept: */*

Response DefaultHttpResponse(decodeResult: success, version: HTTP/1.1)
HTTP/1.1 200 OK
Content-Length: 3790
Content-Type: application/json; charset=utf-8
cache-control: no-cache

[DEBUG] Adding key: http://localhost:31219 for channel [id: 0x4399a49d, L:/127.0.0.1:58280 - R:localhost/127.0.0.1:31219]
[DEBUG] 

Request DefaultFullHttpRequest(decodeResult: success, version: HTTP/1.1, content: EmptyByteBufBE)
GET /session/ef9c975180a494f538484de40f55b2cf/element/5775BB1B5D6E3100F33BD9156B88B3FD_element_10/text HTTP/1.1
User-Agent: selenium/4.8.3 (java windows)
Cache-Control: no-cache
Content-Type: application/json; charset=utf-8
host: localhost:31219
accept: */*

Response DefaultHttpResponse(decodeResult: success, version: HTTP/1.1)
HTTP/1.1 200 OK
Content-Length: 22
Content-Type: application/json; charset=utf-8
cache-control: no-cache

[DEBUG] Adding key: http://localhost:31219 for channel [id: 0xa45c3bbb, L:/127.0.0.1:58301 - R:localhost/127.0.0.1:31219]
[DEBUG] Using pooled Channel '[id: 0xa45c3bbb, L:/127.0.0.1:58301 - R:localhost/127.0.0.1:31219]' for 'POST' to 'http://localhost:31219/session/ef9c975180a494f538484de40f55b2cf/elements'
[DEBUG] Using open Channel [id: 0xa45c3bbb, L:/127.0.0.1:58301 - R:localhost/127.0.0.1:31219] for POST '/session/ef9c975180a494f538484de40f55b2cf/elements'
[DEBUG] 

Request DefaultFullHttpRequest(decodeResult: success, version: HTTP/1.1, content: EmptyByteBufBE)
GET /session/ef9c975180a494f538484de40f55b2cf/element/5775BB1B5D6E3100F33BD9156B88B3FD_element_10/text HTTP/1.1
User-Agent: selenium/4.8.3 (java windows)
Cache-Control: no-cache
Content-Type: application/json; charset=utf-8
host: localhost:31219
accept: */*

Response DefaultHttpResponse(decodeResult: success, version: HTTP/1.1)
HTTP/1.1 200 OK
Content-Length: 22
Content-Type: application/json; charset=utf-8
cache-control: no-cache

[DEBUG] Adding key: http://localhost:31219 for channel [id: 0x4399a49d, L:/127.0.0.1:58280 - R:localhost/127.0.0.1:31219]
[DEBUG] 

Request DefaultHttpRequest(decodeResult: success, version: HTTP/1.1)
POST /session/ef9c975180a494f538484de40f55b2cf/elements HTTP/1.1
User-Agent: selenium/4.8.3 (java windows)
Content-Length: 86
Content-Type: application/json; charset=utf-8
host: localhost:31219
accept: */*

Response DefaultHttpResponse(decodeResult: success, version: HTTP/1.1)
HTTP/1.1 200 OK
Content-Length: 3790
Content-Type: application/json; charset=utf-8
cache-control: no-cache

[DEBUG] Adding key: http://localhost:31219 for channel [id: 0xa45c3bbb, L:/127.0.0.1:58301 - R:localhost/127.0.0.1:31219]
[DEBUG] Using pooled Channel '[id: 0xa45c3bbb, L:/127.0.0.1:58301 - R:localhost/127.0.0.1:31219]' for 'GET' to 'http://localhost:31219/session/ef9c975180a494f538484de40f55b2cf/element/5775BB1B5D6E3100F33BD9156B88B3FD_element_11/text'
[DEBUG] Using open Channel [id: 0xa45c3bbb, L:/127.0.0.1:58301 - R:localhost/127.0.0.1:31219] for GET '/session/ef9c975180a494f538484de40f55b2cf/element/5775BB1B5D6E3100F33BD9156B88B3FD_element_11/text'
[DEBUG] 

Request DefaultHttpRequest(decodeResult: success, version: HTTP/1.1)
POST /session/ef9c975180a494f538484de40f55b2cf/elements HTTP/1.1
User-Agent: selenium/4.8.3 (java windows)
Content-Length: 86
Content-Type: application/json; charset=utf-8
host: localhost:31219
accept: */*

Response DefaultHttpResponse(decodeResult: success, version: HTTP/1.1)
HTTP/1.1 200 OK
Content-Length: 3790
Content-Type: application/json; charset=utf-8
cache-control: no-cache

[DEBUG] Adding key: http://localhost:31219 for channel [id: 0x4399a49d, L:/127.0.0.1:58280 - R:localhost/127.0.0.1:31219]
[DEBUG] 

Request DefaultFullHttpRequest(decodeResult: success, version: HTTP/1.1, content: EmptyByteBufBE)
GET /session/ef9c975180a494f538484de40f55b2cf/element/5775BB1B5D6E3100F33BD9156B88B3FD_element_11/text HTTP/1.1
User-Agent: selenium/4.8.3 (java windows)
Cache-Control: no-cache
Content-Type: application/json; charset=utf-8
host: localhost:31219
accept: */*

Response DefaultHttpResponse(decodeResult: success, version: HTTP/1.1)
HTTP/1.1 200 OK
Content-Length: 24
Content-Type: application/json; charset=utf-8
cache-control: no-cache

[DEBUG] Adding key: http://localhost:31219 for channel [id: 0xa45c3bbb, L:/127.0.0.1:58301 - R:localhost/127.0.0.1:31219]
[DEBUG] Using pooled Channel '[id: 0xa45c3bbb, L:/127.0.0.1:58301 - R:localhost/127.0.0.1:31219]' for 'POST' to 'http://localhost:31219/session/ef9c975180a494f538484de40f55b2cf/elements'
[DEBUG] Using open Channel [id: 0xa45c3bbb, L:/127.0.0.1:58301 - R:localhost/127.0.0.1:31219] for POST '/session/ef9c975180a494f538484de40f55b2cf/elements'
[DEBUG] 

Request DefaultFullHttpRequest(decodeResult: success, version: HTTP/1.1, content: EmptyByteBufBE)
GET /session/ef9c975180a494f538484de40f55b2cf/element/5775BB1B5D6E3100F33BD9156B88B3FD_element_11/text HTTP/1.1
User-Agent: selenium/4.8.3 (java windows)
Cache-Control: no-cache
Content-Type: application/json; charset=utf-8
host: localhost:31219
accept: */*

Response DefaultHttpResponse(decodeResult: success, version: HTTP/1.1)
HTTP/1.1 200 OK
Content-Length: 24
Content-Type: application/json; charset=utf-8
cache-control: no-cache

[DEBUG] Adding key: http://localhost:31219 for channel [id: 0x4399a49d, L:/127.0.0.1:58280 - R:localhost/127.0.0.1:31219]
[DEBUG] 

Request DefaultHttpRequest(decodeResult: success, version: HTTP/1.1)
POST /session/ef9c975180a494f538484de40f55b2cf/elements HTTP/1.1
User-Agent: selenium/4.8.3 (java windows)
Content-Length: 86
Content-Type: application/json; charset=utf-8
host: localhost:31219
accept: */*

Response DefaultHttpResponse(decodeResult: success, version: HTTP/1.1)
HTTP/1.1 200 OK
Content-Length: 3790
Content-Type: application/json; charset=utf-8
cache-control: no-cache

[DEBUG] Adding key: http://localhost:31219 for channel [id: 0xa45c3bbb, L:/127.0.0.1:58301 - R:localhost/127.0.0.1:31219]
[DEBUG] Using pooled Channel '[id: 0xa45c3bbb, L:/127.0.0.1:58301 - R:localhost/127.0.0.1:31219]' for 'GET' to 'http://localhost:31219/session/ef9c975180a494f538484de40f55b2cf/element/5775BB1B5D6E3100F33BD9156B88B3FD_element_12/text'
[DEBUG] Using open Channel [id: 0xa45c3bbb, L:/127.0.0.1:58301 - R:localhost/127.0.0.1:31219] for GET '/session/ef9c975180a494f538484de40f55b2cf/element/5775BB1B5D6E3100F33BD9156B88B3FD_element_12/text'
[DEBUG] 

Request DefaultHttpRequest(decodeResult: success, version: HTTP/1.1)
POST /session/ef9c975180a494f538484de40f55b2cf/elements HTTP/1.1
User-Agent: selenium/4.8.3 (java windows)
Content-Length: 86
Content-Type: application/json; charset=utf-8
host: localhost:31219
accept: */*

Response DefaultHttpResponse(decodeResult: success, version: HTTP/1.1)
HTTP/1.1 200 OK
Content-Length: 3790
Content-Type: application/json; charset=utf-8
cache-control: no-cache

[DEBUG] Adding key: http://localhost:31219 for channel [id: 0x4399a49d, L:/127.0.0.1:58280 - R:localhost/127.0.0.1:31219]
[DEBUG] 

Request DefaultFullHttpRequest(decodeResult: success, version: HTTP/1.1, content: EmptyByteBufBE)
GET /session/ef9c975180a494f538484de40f55b2cf/element/5775BB1B5D6E3100F33BD9156B88B3FD_element_12/text HTTP/1.1
User-Agent: selenium/4.8.3 (java windows)
Cache-Control: no-cache
Content-Type: application/json; charset=utf-8
host: localhost:31219
accept: */*

Response DefaultHttpResponse(decodeResult: success, version: HTTP/1.1)
HTTP/1.1 200 OK
Content-Length: 33
Content-Type: application/json; charset=utf-8
cache-control: no-cache

[DEBUG] Adding key: http://localhost:31219 for channel [id: 0xa45c3bbb, L:/127.0.0.1:58301 - R:localhost/127.0.0.1:31219]
[DEBUG] Using pooled Channel '[id: 0xa45c3bbb, L:/127.0.0.1:58301 - R:localhost/127.0.0.1:31219]' for 'POST' to 'http://localhost:31219/session/ef9c975180a494f538484de40f55b2cf/elements'
[DEBUG] Using open Channel [id: 0xa45c3bbb, L:/127.0.0.1:58301 - R:localhost/127.0.0.1:31219] for POST '/session/ef9c975180a494f538484de40f55b2cf/elements'
[DEBUG] 

Request DefaultFullHttpRequest(decodeResult: success, version: HTTP/1.1, content: EmptyByteBufBE)
GET /session/ef9c975180a494f538484de40f55b2cf/element/5775BB1B5D6E3100F33BD9156B88B3FD_element_12/text HTTP/1.1
User-Agent: selenium/4.8.3 (java windows)
Cache-Control: no-cache
Content-Type: application/json; charset=utf-8
host: localhost:31219
accept: */*

Response DefaultHttpResponse(decodeResult: success, version: HTTP/1.1)
HTTP/1.1 200 OK
Content-Length: 33
Content-Type: application/json; charset=utf-8
cache-control: no-cache

[DEBUG] Adding key: http://localhost:31219 for channel [id: 0x4399a49d, L:/127.0.0.1:58280 - R:localhost/127.0.0.1:31219]
[DEBUG] 

Request DefaultHttpRequest(decodeResult: success, version: HTTP/1.1)
POST /session/ef9c975180a494f538484de40f55b2cf/elements HTTP/1.1
User-Agent: selenium/4.8.3 (java windows)
Content-Length: 86
Content-Type: application/json; charset=utf-8
host: localhost:31219
accept: */*

Response DefaultHttpResponse(decodeResult: success, version: HTTP/1.1)
HTTP/1.1 200 OK
Content-Length: 3790
Content-Type: application/json; charset=utf-8
cache-control: no-cache

[DEBUG] Adding key: http://localhost:31219 for channel [id: 0xa45c3bbb, L:/127.0.0.1:58301 - R:localhost/127.0.0.1:31219]
[DEBUG] Using pooled Channel '[id: 0xa45c3bbb, L:/127.0.0.1:58301 - R:localhost/127.0.0.1:31219]' for 'GET' to 'http://localhost:31219/session/ef9c975180a494f538484de40f55b2cf/element/5775BB1B5D6E3100F33BD9156B88B3FD_element_13/text'
[DEBUG] Using open Channel [id: 0xa45c3bbb, L:/127.0.0.1:58301 - R:localhost/127.0.0.1:31219] for GET '/session/ef9c975180a494f538484de40f55b2cf/element/5775BB1B5D6E3100F33BD9156B88B3FD_element_13/text'
[DEBUG] 

Request DefaultHttpRequest(decodeResult: success, version: HTTP/1.1)
POST /session/ef9c975180a494f538484de40f55b2cf/elements HTTP/1.1
User-Agent: selenium/4.8.3 (java windows)
Content-Length: 86
Content-Type: application/json; charset=utf-8
host: localhost:31219
accept: */*

Response DefaultHttpResponse(decodeResult: success, version: HTTP/1.1)
HTTP/1.1 200 OK
Content-Length: 3790
Content-Type: application/json; charset=utf-8
cache-control: no-cache

[DEBUG] Adding key: http://localhost:31219 for channel [id: 0x4399a49d, L:/127.0.0.1:58280 - R:localhost/127.0.0.1:31219]
[DEBUG] 

Request DefaultFullHttpRequest(decodeResult: success, version: HTTP/1.1, content: EmptyByteBufBE)
GET /session/ef9c975180a494f538484de40f55b2cf/element/5775BB1B5D6E3100F33BD9156B88B3FD_element_13/text HTTP/1.1
User-Agent: selenium/4.8.3 (java windows)
Cache-Control: no-cache
Content-Type: application/json; charset=utf-8
host: localhost:31219
accept: */*

Response DefaultHttpResponse(decodeResult: success, version: HTTP/1.1)
HTTP/1.1 200 OK
Content-Length: 33
Content-Type: application/json; charset=utf-8
cache-control: no-cache

[DEBUG] Adding key: http://localhost:31219 for channel [id: 0xa45c3bbb, L:/127.0.0.1:58301 - R:localhost/127.0.0.1:31219]
[DEBUG] Using pooled Channel '[id: 0xa45c3bbb, L:/127.0.0.1:58301 - R:localhost/127.0.0.1:31219]' for 'POST' to 'http://localhost:31219/session/ef9c975180a494f538484de40f55b2cf/elements'
[DEBUG] Using open Channel [id: 0xa45c3bbb, L:/127.0.0.1:58301 - R:localhost/127.0.0.1:31219] for POST '/session/ef9c975180a494f538484de40f55b2cf/elements'
[DEBUG] 

Request DefaultFullHttpRequest(decodeResult: success, version: HTTP/1.1, content: EmptyByteBufBE)
GET /session/ef9c975180a494f538484de40f55b2cf/element/5775BB1B5D6E3100F33BD9156B88B3FD_element_13/text HTTP/1.1
User-Agent: selenium/4.8.3 (java windows)
Cache-Control: no-cache
Content-Type: application/json; charset=utf-8
host: localhost:31219
accept: */*

Response DefaultHttpResponse(decodeResult: success, version: HTTP/1.1)
HTTP/1.1 200 OK
Content-Length: 33
Content-Type: application/json; charset=utf-8
cache-control: no-cache

[DEBUG] Adding key: http://localhost:31219 for channel [id: 0x4399a49d, L:/127.0.0.1:58280 - R:localhost/127.0.0.1:31219]
[DEBUG] 

Request DefaultHttpRequest(decodeResult: success, version: HTTP/1.1)
POST /session/ef9c975180a494f538484de40f55b2cf/elements HTTP/1.1
User-Agent: selenium/4.8.3 (java windows)
Content-Length: 86
Content-Type: application/json; charset=utf-8
host: localhost:31219
accept: */*

Response DefaultHttpResponse(decodeResult: success, version: HTTP/1.1)
HTTP/1.1 200 OK
Content-Length: 3790
Content-Type: application/json; charset=utf-8
cache-control: no-cache

[DEBUG] Adding key: http://localhost:31219 for channel [id: 0xa45c3bbb, L:/127.0.0.1:58301 - R:localhost/127.0.0.1:31219]
[DEBUG] Using pooled Channel '[id: 0xa45c3bbb, L:/127.0.0.1:58301 - R:localhost/127.0.0.1:31219]' for 'GET' to 'http://localhost:31219/session/ef9c975180a494f538484de40f55b2cf/element/5775BB1B5D6E3100F33BD9156B88B3FD_element_14/text'
[DEBUG] Using open Channel [id: 0xa45c3bbb, L:/127.0.0.1:58301 - R:localhost/127.0.0.1:31219] for GET '/session/ef9c975180a494f538484de40f55b2cf/element/5775BB1B5D6E3100F33BD9156B88B3FD_element_14/text'
[DEBUG] 

Request DefaultHttpRequest(decodeResult: success, version: HTTP/1.1)
POST /session/ef9c975180a494f538484de40f55b2cf/elements HTTP/1.1
User-Agent: selenium/4.8.3 (java windows)
Content-Length: 86
Content-Type: application/json; charset=utf-8
host: localhost:31219
accept: */*

Response DefaultHttpResponse(decodeResult: success, version: HTTP/1.1)
HTTP/1.1 200 OK
Content-Length: 3790
Content-Type: application/json; charset=utf-8
cache-control: no-cache

[DEBUG] Adding key: http://localhost:31219 for channel [id: 0x4399a49d, L:/127.0.0.1:58280 - R:localhost/127.0.0.1:31219]
[DEBUG] 

Request DefaultFullHttpRequest(decodeResult: success, version: HTTP/1.1, content: EmptyByteBufBE)
GET /session/ef9c975180a494f538484de40f55b2cf/element/5775BB1B5D6E3100F33BD9156B88B3FD_element_14/text HTTP/1.1
User-Agent: selenium/4.8.3 (java windows)
Cache-Control: no-cache
Content-Type: application/json; charset=utf-8
host: localhost:31219
accept: */*

Response DefaultHttpResponse(decodeResult: success, version: HTTP/1.1)
HTTP/1.1 200 OK
Content-Length: 25
Content-Type: application/json; charset=utf-8
cache-control: no-cache

[DEBUG] Adding key: http://localhost:31219 for channel [id: 0xa45c3bbb, L:/127.0.0.1:58301 - R:localhost/127.0.0.1:31219]
[DEBUG] Using pooled Channel '[id: 0xa45c3bbb, L:/127.0.0.1:58301 - R:localhost/127.0.0.1:31219]' for 'POST' to 'http://localhost:31219/session/ef9c975180a494f538484de40f55b2cf/elements'
[DEBUG] Using open Channel [id: 0xa45c3bbb, L:/127.0.0.1:58301 - R:localhost/127.0.0.1:31219] for POST '/session/ef9c975180a494f538484de40f55b2cf/elements'
[DEBUG] 

Request DefaultFullHttpRequest(decodeResult: success, version: HTTP/1.1, content: EmptyByteBufBE)
GET /session/ef9c975180a494f538484de40f55b2cf/element/5775BB1B5D6E3100F33BD9156B88B3FD_element_14/text HTTP/1.1
User-Agent: selenium/4.8.3 (java windows)
Cache-Control: no-cache
Content-Type: application/json; charset=utf-8
host: localhost:31219
accept: */*

Response DefaultHttpResponse(decodeResult: success, version: HTTP/1.1)
HTTP/1.1 200 OK
Content-Length: 25
Content-Type: application/json; charset=utf-8
cache-control: no-cache

[DEBUG] Adding key: http://localhost:31219 for channel [id: 0x4399a49d, L:/127.0.0.1:58280 - R:localhost/127.0.0.1:31219]
[DEBUG] 

Request DefaultHttpRequest(decodeResult: success, version: HTTP/1.1)
POST /session/ef9c975180a494f538484de40f55b2cf/elements HTTP/1.1
User-Agent: selenium/4.8.3 (java windows)
Content-Length: 86
Content-Type: application/json; charset=utf-8
host: localhost:31219
accept: */*

Response DefaultHttpResponse(decodeResult: success, version: HTTP/1.1)
HTTP/1.1 200 OK
Content-Length: 3790
Content-Type: application/json; charset=utf-8
cache-control: no-cache

[DEBUG] Adding key: http://localhost:31219 for channel [id: 0xa45c3bbb, L:/127.0.0.1:58301 - R:localhost/127.0.0.1:31219]
[DEBUG] Using pooled Channel '[id: 0xa45c3bbb, L:/127.0.0.1:58301 - R:localhost/127.0.0.1:31219]' for 'GET' to 'http://localhost:31219/session/ef9c975180a494f538484de40f55b2cf/element/5775BB1B5D6E3100F33BD9156B88B3FD_element_15/text'
[DEBUG] Using open Channel [id: 0xa45c3bbb, L:/127.0.0.1:58301 - R:localhost/127.0.0.1:31219] for GET '/session/ef9c975180a494f538484de40f55b2cf/element/5775BB1B5D6E3100F33BD9156B88B3FD_element_15/text'
[DEBUG] 

Request DefaultHttpRequest(decodeResult: success, version: HTTP/1.1)
POST /session/ef9c975180a494f538484de40f55b2cf/elements HTTP/1.1
User-Agent: selenium/4.8.3 (java windows)
Content-Length: 86
Content-Type: application/json; charset=utf-8
host: localhost:31219
accept: */*

Response DefaultHttpResponse(decodeResult: success, version: HTTP/1.1)
HTTP/1.1 200 OK
Content-Length: 3790
Content-Type: application/json; charset=utf-8
cache-control: no-cache

[DEBUG] Adding key: http://localhost:31219 for channel [id: 0x4399a49d, L:/127.0.0.1:58280 - R:localhost/127.0.0.1:31219]
[DEBUG] 

Request DefaultFullHttpRequest(decodeResult: success, version: HTTP/1.1, content: EmptyByteBufBE)
GET /session/ef9c975180a494f538484de40f55b2cf/element/5775BB1B5D6E3100F33BD9156B88B3FD_element_15/text HTTP/1.1
User-Agent: selenium/4.8.3 (java windows)
Cache-Control: no-cache
Content-Type: application/json; charset=utf-8
host: localhost:31219
accept: */*

Response DefaultHttpResponse(decodeResult: success, version: HTTP/1.1)
HTTP/1.1 200 OK
Content-Length: 20
Content-Type: application/json; charset=utf-8
cache-control: no-cache

[DEBUG] Adding key: http://localhost:31219 for channel [id: 0xa45c3bbb, L:/127.0.0.1:58301 - R:localhost/127.0.0.1:31219]
[DEBUG] Using pooled Channel '[id: 0xa45c3bbb, L:/127.0.0.1:58301 - R:localhost/127.0.0.1:31219]' for 'POST' to 'http://localhost:31219/session/ef9c975180a494f538484de40f55b2cf/elements'
[DEBUG] Using open Channel [id: 0xa45c3bbb, L:/127.0.0.1:58301 - R:localhost/127.0.0.1:31219] for POST '/session/ef9c975180a494f538484de40f55b2cf/elements'
[DEBUG] 

Request DefaultFullHttpRequest(decodeResult: success, version: HTTP/1.1, content: EmptyByteBufBE)
GET /session/ef9c975180a494f538484de40f55b2cf/element/5775BB1B5D6E3100F33BD9156B88B3FD_element_15/text HTTP/1.1
User-Agent: selenium/4.8.3 (java windows)
Cache-Control: no-cache
Content-Type: application/json; charset=utf-8
host: localhost:31219
accept: */*

Response DefaultHttpResponse(decodeResult: success, version: HTTP/1.1)
HTTP/1.1 200 OK
Content-Length: 20
Content-Type: application/json; charset=utf-8
cache-control: no-cache

[DEBUG] Adding key: http://localhost:31219 for channel [id: 0x4399a49d, L:/127.0.0.1:58280 - R:localhost/127.0.0.1:31219]
[DEBUG] 

Request DefaultHttpRequest(decodeResult: success, version: HTTP/1.1)
POST /session/ef9c975180a494f538484de40f55b2cf/elements HTTP/1.1
User-Agent: selenium/4.8.3 (java windows)
Content-Length: 86
Content-Type: application/json; charset=utf-8
host: localhost:31219
accept: */*

Response DefaultHttpResponse(decodeResult: success, version: HTTP/1.1)
HTTP/1.1 200 OK
Content-Length: 3790
Content-Type: application/json; charset=utf-8
cache-control: no-cache

[DEBUG] Adding key: http://localhost:31219 for channel [id: 0xa45c3bbb, L:/127.0.0.1:58301 - R:localhost/127.0.0.1:31219]
[DEBUG] Using pooled Channel '[id: 0xa45c3bbb, L:/127.0.0.1:58301 - R:localhost/127.0.0.1:31219]' for 'GET' to 'http://localhost:31219/session/ef9c975180a494f538484de40f55b2cf/element/5775BB1B5D6E3100F33BD9156B88B3FD_element_16/text'
[DEBUG] Using open Channel [id: 0xa45c3bbb, L:/127.0.0.1:58301 - R:localhost/127.0.0.1:31219] for GET '/session/ef9c975180a494f538484de40f55b2cf/element/5775BB1B5D6E3100F33BD9156B88B3FD_element_16/text'
[DEBUG] 

Request DefaultHttpRequest(decodeResult: success, version: HTTP/1.1)
POST /session/ef9c975180a494f538484de40f55b2cf/elements HTTP/1.1
User-Agent: selenium/4.8.3 (java windows)
Content-Length: 86
Content-Type: application/json; charset=utf-8
host: localhost:31219
accept: */*

Response DefaultHttpResponse(decodeResult: success, version: HTTP/1.1)
HTTP/1.1 200 OK
Content-Length: 3790
Content-Type: application/json; charset=utf-8
cache-control: no-cache

[DEBUG] Adding key: http://localhost:31219 for channel [id: 0x4399a49d, L:/127.0.0.1:58280 - R:localhost/127.0.0.1:31219]
[DEBUG] 

Request DefaultFullHttpRequest(decodeResult: success, version: HTTP/1.1, content: EmptyByteBufBE)
GET /session/ef9c975180a494f538484de40f55b2cf/element/5775BB1B5D6E3100F33BD9156B88B3FD_element_16/text HTTP/1.1
User-Agent: selenium/4.8.3 (java windows)
Cache-Control: no-cache
Content-Type: application/json; charset=utf-8
host: localhost:31219
accept: */*

Response DefaultHttpResponse(decodeResult: success, version: HTTP/1.1)
HTTP/1.1 200 OK
Content-Length: 27
Content-Type: application/json; charset=utf-8
cache-control: no-cache

[DEBUG] Adding key: http://localhost:31219 for channel [id: 0xa45c3bbb, L:/127.0.0.1:58301 - R:localhost/127.0.0.1:31219]
[DEBUG] Using pooled Channel '[id: 0xa45c3bbb, L:/127.0.0.1:58301 - R:localhost/127.0.0.1:31219]' for 'POST' to 'http://localhost:31219/session/ef9c975180a494f538484de40f55b2cf/elements'
[DEBUG] Using open Channel [id: 0xa45c3bbb, L:/127.0.0.1:58301 - R:localhost/127.0.0.1:31219] for POST '/session/ef9c975180a494f538484de40f55b2cf/elements'
[DEBUG] 

Request DefaultFullHttpRequest(decodeResult: success, version: HTTP/1.1, content: EmptyByteBufBE)
GET /session/ef9c975180a494f538484de40f55b2cf/element/5775BB1B5D6E3100F33BD9156B88B3FD_element_16/text HTTP/1.1
User-Agent: selenium/4.8.3 (java windows)
Cache-Control: no-cache
Content-Type: application/json; charset=utf-8
host: localhost:31219
accept: */*

Response DefaultHttpResponse(decodeResult: success, version: HTTP/1.1)
HTTP/1.1 200 OK
Content-Length: 27
Content-Type: application/json; charset=utf-8
cache-control: no-cache

[DEBUG] Adding key: http://localhost:31219 for channel [id: 0x4399a49d, L:/127.0.0.1:58280 - R:localhost/127.0.0.1:31219]
[DEBUG] 

Request DefaultHttpRequest(decodeResult: success, version: HTTP/1.1)
POST /session/ef9c975180a494f538484de40f55b2cf/elements HTTP/1.1
User-Agent: selenium/4.8.3 (java windows)
Content-Length: 86
Content-Type: application/json; charset=utf-8
host: localhost:31219
accept: */*

Response DefaultHttpResponse(decodeResult: success, version: HTTP/1.1)
HTTP/1.1 200 OK
Content-Length: 3790
Content-Type: application/json; charset=utf-8
cache-control: no-cache

[DEBUG] Adding key: http://localhost:31219 for channel [id: 0xa45c3bbb, L:/127.0.0.1:58301 - R:localhost/127.0.0.1:31219]
[DEBUG] Using pooled Channel '[id: 0xa45c3bbb, L:/127.0.0.1:58301 - R:localhost/127.0.0.1:31219]' for 'GET' to 'http://localhost:31219/session/ef9c975180a494f538484de40f55b2cf/element/5775BB1B5D6E3100F33BD9156B88B3FD_element_17/text'
[DEBUG] Using open Channel [id: 0xa45c3bbb, L:/127.0.0.1:58301 - R:localhost/127.0.0.1:31219] for GET '/session/ef9c975180a494f538484de40f55b2cf/element/5775BB1B5D6E3100F33BD9156B88B3FD_element_17/text'
[DEBUG] 

Request DefaultHttpRequest(decodeResult: success, version: HTTP/1.1)
POST /session/ef9c975180a494f538484de40f55b2cf/elements HTTP/1.1
User-Agent: selenium/4.8.3 (java windows)
Content-Length: 86
Content-Type: application/json; charset=utf-8
host: localhost:31219
accept: */*

Response DefaultHttpResponse(decodeResult: success, version: HTTP/1.1)
HTTP/1.1 200 OK
Content-Length: 3790
Content-Type: application/json; charset=utf-8
cache-control: no-cache

[DEBUG] Adding key: http://localhost:31219 for channel [id: 0x4399a49d, L:/127.0.0.1:58280 - R:localhost/127.0.0.1:31219]
[DEBUG] 

Request DefaultFullHttpRequest(decodeResult: success, version: HTTP/1.1, content: EmptyByteBufBE)
GET /session/ef9c975180a494f538484de40f55b2cf/element/5775BB1B5D6E3100F33BD9156B88B3FD_element_17/text HTTP/1.1
User-Agent: selenium/4.8.3 (java windows)
Cache-Control: no-cache
Content-Type: application/json; charset=utf-8
host: localhost:31219
accept: */*

Response DefaultHttpResponse(decodeResult: success, version: HTTP/1.1)
HTTP/1.1 200 OK
Content-Length: 28
Content-Type: application/json; charset=utf-8
cache-control: no-cache

[DEBUG] Adding key: http://localhost:31219 for channel [id: 0xa45c3bbb, L:/127.0.0.1:58301 - R:localhost/127.0.0.1:31219]
[DEBUG] Using pooled Channel '[id: 0xa45c3bbb, L:/127.0.0.1:58301 - R:localhost/127.0.0.1:31219]' for 'POST' to 'http://localhost:31219/session/ef9c975180a494f538484de40f55b2cf/elements'
[DEBUG] Using open Channel [id: 0xa45c3bbb, L:/127.0.0.1:58301 - R:localhost/127.0.0.1:31219] for POST '/session/ef9c975180a494f538484de40f55b2cf/elements'
[DEBUG] 

Request DefaultFullHttpRequest(decodeResult: success, version: HTTP/1.1, content: EmptyByteBufBE)
GET /session/ef9c975180a494f538484de40f55b2cf/element/5775BB1B5D6E3100F33BD9156B88B3FD_element_17/text HTTP/1.1
User-Agent: selenium/4.8.3 (java windows)
Cache-Control: no-cache
Content-Type: application/json; charset=utf-8
host: localhost:31219
accept: */*

Response DefaultHttpResponse(decodeResult: success, version: HTTP/1.1)
HTTP/1.1 200 OK
Content-Length: 28
Content-Type: application/json; charset=utf-8
cache-control: no-cache

[DEBUG] Adding key: http://localhost:31219 for channel [id: 0x4399a49d, L:/127.0.0.1:58280 - R:localhost/127.0.0.1:31219]
[DEBUG] 

Request DefaultHttpRequest(decodeResult: success, version: HTTP/1.1)
POST /session/ef9c975180a494f538484de40f55b2cf/elements HTTP/1.1
User-Agent: selenium/4.8.3 (java windows)
Content-Length: 86
Content-Type: application/json; charset=utf-8
host: localhost:31219
accept: */*

Response DefaultHttpResponse(decodeResult: success, version: HTTP/1.1)
HTTP/1.1 200 OK
Content-Length: 3790
Content-Type: application/json; charset=utf-8
cache-control: no-cache

[DEBUG] Adding key: http://localhost:31219 for channel [id: 0xa45c3bbb, L:/127.0.0.1:58301 - R:localhost/127.0.0.1:31219]
[DEBUG] Using pooled Channel '[id: 0xa45c3bbb, L:/127.0.0.1:58301 - R:localhost/127.0.0.1:31219]' for 'GET' to 'http://localhost:31219/session/ef9c975180a494f538484de40f55b2cf/element/5775BB1B5D6E3100F33BD9156B88B3FD_element_18/text'
[DEBUG] Using open Channel [id: 0xa45c3bbb, L:/127.0.0.1:58301 - R:localhost/127.0.0.1:31219] for GET '/session/ef9c975180a494f538484de40f55b2cf/element/5775BB1B5D6E3100F33BD9156B88B3FD_element_18/text'
[DEBUG] 

Request DefaultHttpRequest(decodeResult: success, version: HTTP/1.1)
POST /session/ef9c975180a494f538484de40f55b2cf/elements HTTP/1.1
User-Agent: selenium/4.8.3 (java windows)
Content-Length: 86
Content-Type: application/json; charset=utf-8
host: localhost:31219
accept: */*

Response DefaultHttpResponse(decodeResult: success, version: HTTP/1.1)
HTTP/1.1 200 OK
Content-Length: 3790
Content-Type: application/json; charset=utf-8
cache-control: no-cache

[DEBUG] Adding key: http://localhost:31219 for channel [id: 0x4399a49d, L:/127.0.0.1:58280 - R:localhost/127.0.0.1:31219]
[DEBUG] 

Request DefaultFullHttpRequest(decodeResult: success, version: HTTP/1.1, content: EmptyByteBufBE)
GET /session/ef9c975180a494f538484de40f55b2cf/element/5775BB1B5D6E3100F33BD9156B88B3FD_element_18/text HTTP/1.1
User-Agent: selenium/4.8.3 (java windows)
Cache-Control: no-cache
Content-Type: application/json; charset=utf-8
host: localhost:31219
accept: */*

Response DefaultHttpResponse(decodeResult: success, version: HTTP/1.1)
HTTP/1.1 200 OK
Content-Length: 27
Content-Type: application/json; charset=utf-8
cache-control: no-cache

[DEBUG] Adding key: http://localhost:31219 for channel [id: 0xa45c3bbb, L:/127.0.0.1:58301 - R:localhost/127.0.0.1:31219]
[DEBUG] Using pooled Channel '[id: 0xa45c3bbb, L:/127.0.0.1:58301 - R:localhost/127.0.0.1:31219]' for 'POST' to 'http://localhost:31219/session/ef9c975180a494f538484de40f55b2cf/elements'
[DEBUG] Using open Channel [id: 0xa45c3bbb, L:/127.0.0.1:58301 - R:localhost/127.0.0.1:31219] for POST '/session/ef9c975180a494f538484de40f55b2cf/elements'
[DEBUG] 

Request DefaultFullHttpRequest(decodeResult: success, version: HTTP/1.1, content: EmptyByteBufBE)
GET /session/ef9c975180a494f538484de40f55b2cf/element/5775BB1B5D6E3100F33BD9156B88B3FD_element_18/text HTTP/1.1
User-Agent: selenium/4.8.3 (java windows)
Cache-Control: no-cache
Content-Type: application/json; charset=utf-8
host: localhost:31219
accept: */*

Response DefaultHttpResponse(decodeResult: success, version: HTTP/1.1)
HTTP/1.1 200 OK
Content-Length: 27
Content-Type: application/json; charset=utf-8
cache-control: no-cache

[DEBUG] Adding key: http://localhost:31219 for channel [id: 0x4399a49d, L:/127.0.0.1:58280 - R:localhost/127.0.0.1:31219]
[DEBUG] 

Request DefaultHttpRequest(decodeResult: success, version: HTTP/1.1)
POST /session/ef9c975180a494f538484de40f55b2cf/elements HTTP/1.1
User-Agent: selenium/4.8.3 (java windows)
Content-Length: 86
Content-Type: application/json; charset=utf-8
host: localhost:31219
accept: */*

Response DefaultHttpResponse(decodeResult: success, version: HTTP/1.1)
HTTP/1.1 200 OK
Content-Length: 3790
Content-Type: application/json; charset=utf-8
cache-control: no-cache

[DEBUG] Adding key: http://localhost:31219 for channel [id: 0xa45c3bbb, L:/127.0.0.1:58301 - R:localhost/127.0.0.1:31219]
[DEBUG] Using pooled Channel '[id: 0xa45c3bbb, L:/127.0.0.1:58301 - R:localhost/127.0.0.1:31219]' for 'GET' to 'http://localhost:31219/session/ef9c975180a494f538484de40f55b2cf/element/5775BB1B5D6E3100F33BD9156B88B3FD_element_19/text'
[DEBUG] Using open Channel [id: 0xa45c3bbb, L:/127.0.0.1:58301 - R:localhost/127.0.0.1:31219] for GET '/session/ef9c975180a494f538484de40f55b2cf/element/5775BB1B5D6E3100F33BD9156B88B3FD_element_19/text'
[DEBUG] 

Request DefaultHttpRequest(decodeResult: success, version: HTTP/1.1)
POST /session/ef9c975180a494f538484de40f55b2cf/elements HTTP/1.1
User-Agent: selenium/4.8.3 (java windows)
Content-Length: 86
Content-Type: application/json; charset=utf-8
host: localhost:31219
accept: */*

Response DefaultHttpResponse(decodeResult: success, version: HTTP/1.1)
HTTP/1.1 200 OK
Content-Length: 3790
Content-Type: application/json; charset=utf-8
cache-control: no-cache

[DEBUG] Adding key: http://localhost:31219 for channel [id: 0x4399a49d, L:/127.0.0.1:58280 - R:localhost/127.0.0.1:31219]
[DEBUG] 

Request DefaultFullHttpRequest(decodeResult: success, version: HTTP/1.1, content: EmptyByteBufBE)
GET /session/ef9c975180a494f538484de40f55b2cf/element/5775BB1B5D6E3100F33BD9156B88B3FD_element_19/text HTTP/1.1
User-Agent: selenium/4.8.3 (java windows)
Cache-Control: no-cache
Content-Type: application/json; charset=utf-8
host: localhost:31219
accept: */*

Response DefaultHttpResponse(decodeResult: success, version: HTTP/1.1)
HTTP/1.1 200 OK
Content-Length: 20
Content-Type: application/json; charset=utf-8
cache-control: no-cache

[DEBUG] Adding key: http://localhost:31219 for channel [id: 0xa45c3bbb, L:/127.0.0.1:58301 - R:localhost/127.0.0.1:31219]
[DEBUG] Using pooled Channel '[id: 0xa45c3bbb, L:/127.0.0.1:58301 - R:localhost/127.0.0.1:31219]' for 'POST' to 'http://localhost:31219/session/ef9c975180a494f538484de40f55b2cf/elements'
[DEBUG] Using open Channel [id: 0xa45c3bbb, L:/127.0.0.1:58301 - R:localhost/127.0.0.1:31219] for POST '/session/ef9c975180a494f538484de40f55b2cf/elements'
[DEBUG] 

Request DefaultFullHttpRequest(decodeResult: success, version: HTTP/1.1, content: EmptyByteBufBE)
GET /session/ef9c975180a494f538484de40f55b2cf/element/5775BB1B5D6E3100F33BD9156B88B3FD_element_19/text HTTP/1.1
User-Agent: selenium/4.8.3 (java windows)
Cache-Control: no-cache
Content-Type: application/json; charset=utf-8
host: localhost:31219
accept: */*

Response DefaultHttpResponse(decodeResult: success, version: HTTP/1.1)
HTTP/1.1 200 OK
Content-Length: 20
Content-Type: application/json; charset=utf-8
cache-control: no-cache

[DEBUG] Adding key: http://localhost:31219 for channel [id: 0x4399a49d, L:/127.0.0.1:58280 - R:localhost/127.0.0.1:31219]
[DEBUG] 

Request DefaultHttpRequest(decodeResult: success, version: HTTP/1.1)
POST /session/ef9c975180a494f538484de40f55b2cf/elements HTTP/1.1
User-Agent: selenium/4.8.3 (java windows)
Content-Length: 86
Content-Type: application/json; charset=utf-8
host: localhost:31219
accept: */*

Response DefaultHttpResponse(decodeResult: success, version: HTTP/1.1)
HTTP/1.1 200 OK
Content-Length: 3790
Content-Type: application/json; charset=utf-8
cache-control: no-cache

[DEBUG] Adding key: http://localhost:31219 for channel [id: 0xa45c3bbb, L:/127.0.0.1:58301 - R:localhost/127.0.0.1:31219]
[DEBUG] Using pooled Channel '[id: 0xa45c3bbb, L:/127.0.0.1:58301 - R:localhost/127.0.0.1:31219]' for 'GET' to 'http://localhost:31219/session/ef9c975180a494f538484de40f55b2cf/element/5775BB1B5D6E3100F33BD9156B88B3FD_element_20/text'
[DEBUG] Using open Channel [id: 0xa45c3bbb, L:/127.0.0.1:58301 - R:localhost/127.0.0.1:31219] for GET '/session/ef9c975180a494f538484de40f55b2cf/element/5775BB1B5D6E3100F33BD9156B88B3FD_element_20/text'
[DEBUG] 

Request DefaultHttpRequest(decodeResult: success, version: HTTP/1.1)
POST /session/ef9c975180a494f538484de40f55b2cf/elements HTTP/1.1
User-Agent: selenium/4.8.3 (java windows)
Content-Length: 86
Content-Type: application/json; charset=utf-8
host: localhost:31219
accept: */*

Response DefaultHttpResponse(decodeResult: success, version: HTTP/1.1)
HTTP/1.1 200 OK
Content-Length: 3790
Content-Type: application/json; charset=utf-8
cache-control: no-cache

[DEBUG] Adding key: http://localhost:31219 for channel [id: 0x4399a49d, L:/127.0.0.1:58280 - R:localhost/127.0.0.1:31219]
[DEBUG] 

Request DefaultFullHttpRequest(decodeResult: success, version: HTTP/1.1, content: EmptyByteBufBE)
GET /session/ef9c975180a494f538484de40f55b2cf/element/5775BB1B5D6E3100F33BD9156B88B3FD_element_20/text HTTP/1.1
User-Agent: selenium/4.8.3 (java windows)
Cache-Control: no-cache
Content-Type: application/json; charset=utf-8
host: localhost:31219
accept: */*

Response DefaultHttpResponse(decodeResult: success, version: HTTP/1.1)
HTTP/1.1 200 OK
Content-Length: 23
Content-Type: application/json; charset=utf-8
cache-control: no-cache

[DEBUG] Adding key: http://localhost:31219 for channel [id: 0xa45c3bbb, L:/127.0.0.1:58301 - R:localhost/127.0.0.1:31219]
[DEBUG] Using pooled Channel '[id: 0xa45c3bbb, L:/127.0.0.1:58301 - R:localhost/127.0.0.1:31219]' for 'POST' to 'http://localhost:31219/session/ef9c975180a494f538484de40f55b2cf/elements'
[DEBUG] Using open Channel [id: 0xa45c3bbb, L:/127.0.0.1:58301 - R:localhost/127.0.0.1:31219] for POST '/session/ef9c975180a494f538484de40f55b2cf/elements'
[DEBUG] 

Request DefaultFullHttpRequest(decodeResult: success, version: HTTP/1.1, content: EmptyByteBufBE)
GET /session/ef9c975180a494f538484de40f55b2cf/element/5775BB1B5D6E3100F33BD9156B88B3FD_element_20/text HTTP/1.1
User-Agent: selenium/4.8.3 (java windows)
Cache-Control: no-cache
Content-Type: application/json; charset=utf-8
host: localhost:31219
accept: */*

Response DefaultHttpResponse(decodeResult: success, version: HTTP/1.1)
HTTP/1.1 200 OK
Content-Length: 23
Content-Type: application/json; charset=utf-8
cache-control: no-cache

[DEBUG] Adding key: http://localhost:31219 for channel [id: 0x4399a49d, L:/127.0.0.1:58280 - R:localhost/127.0.0.1:31219]
[DEBUG] 

Request DefaultHttpRequest(decodeResult: success, version: HTTP/1.1)
POST /session/ef9c975180a494f538484de40f55b2cf/elements HTTP/1.1
User-Agent: selenium/4.8.3 (java windows)
Content-Length: 86
Content-Type: application/json; charset=utf-8
host: localhost:31219
accept: */*

Response DefaultHttpResponse(decodeResult: success, version: HTTP/1.1)
HTTP/1.1 200 OK
Content-Length: 3790
Content-Type: application/json; charset=utf-8
cache-control: no-cache

[DEBUG] Adding key: http://localhost:31219 for channel [id: 0xa45c3bbb, L:/127.0.0.1:58301 - R:localhost/127.0.0.1:31219]
[DEBUG] Using pooled Channel '[id: 0xa45c3bbb, L:/127.0.0.1:58301 - R:localhost/127.0.0.1:31219]' for 'GET' to 'http://localhost:31219/session/ef9c975180a494f538484de40f55b2cf/element/5775BB1B5D6E3100F33BD9156B88B3FD_element_21/text'
[DEBUG] Using open Channel [id: 0xa45c3bbb, L:/127.0.0.1:58301 - R:localhost/127.0.0.1:31219] for GET '/session/ef9c975180a494f538484de40f55b2cf/element/5775BB1B5D6E3100F33BD9156B88B3FD_element_21/text'
[DEBUG] 

Request DefaultHttpRequest(decodeResult: success, version: HTTP/1.1)
POST /session/ef9c975180a494f538484de40f55b2cf/elements HTTP/1.1
User-Agent: selenium/4.8.3 (java windows)
Content-Length: 86
Content-Type: application/json; charset=utf-8
host: localhost:31219
accept: */*

Response DefaultHttpResponse(decodeResult: success, version: HTTP/1.1)
HTTP/1.1 200 OK
Content-Length: 3790
Content-Type: application/json; charset=utf-8
cache-control: no-cache

[DEBUG] Adding key: http://localhost:31219 for channel [id: 0x4399a49d, L:/127.0.0.1:58280 - R:localhost/127.0.0.1:31219]
[DEBUG] 

Request DefaultFullHttpRequest(decodeResult: success, version: HTTP/1.1, content: EmptyByteBufBE)
GET /session/ef9c975180a494f538484de40f55b2cf/element/5775BB1B5D6E3100F33BD9156B88B3FD_element_21/text HTTP/1.1
User-Agent: selenium/4.8.3 (java windows)
Cache-Control: no-cache
Content-Type: application/json; charset=utf-8
host: localhost:31219
accept: */*

Response DefaultHttpResponse(decodeResult: success, version: HTTP/1.1)
HTTP/1.1 200 OK
Content-Length: 25
Content-Type: application/json; charset=utf-8
cache-control: no-cache

[DEBUG] Adding key: http://localhost:31219 for channel [id: 0xa45c3bbb, L:/127.0.0.1:58301 - R:localhost/127.0.0.1:31219]
[DEBUG] Using pooled Channel '[id: 0xa45c3bbb, L:/127.0.0.1:58301 - R:localhost/127.0.0.1:31219]' for 'POST' to 'http://localhost:31219/session/ef9c975180a494f538484de40f55b2cf/elements'
[DEBUG] Using open Channel [id: 0xa45c3bbb, L:/127.0.0.1:58301 - R:localhost/127.0.0.1:31219] for POST '/session/ef9c975180a494f538484de40f55b2cf/elements'
[DEBUG] 

Request DefaultFullHttpRequest(decodeResult: success, version: HTTP/1.1, content: EmptyByteBufBE)
GET /session/ef9c975180a494f538484de40f55b2cf/element/5775BB1B5D6E3100F33BD9156B88B3FD_element_21/text HTTP/1.1
User-Agent: selenium/4.8.3 (java windows)
Cache-Control: no-cache
Content-Type: application/json; charset=utf-8
host: localhost:31219
accept: */*

Response DefaultHttpResponse(decodeResult: success, version: HTTP/1.1)
HTTP/1.1 200 OK
Content-Length: 25
Content-Type: application/json; charset=utf-8
cache-control: no-cache

[DEBUG] Adding key: http://localhost:31219 for channel [id: 0x4399a49d, L:/127.0.0.1:58280 - R:localhost/127.0.0.1:31219]
[DEBUG] 

Request DefaultHttpRequest(decodeResult: success, version: HTTP/1.1)
POST /session/ef9c975180a494f538484de40f55b2cf/elements HTTP/1.1
User-Agent: selenium/4.8.3 (java windows)
Content-Length: 86
Content-Type: application/json; charset=utf-8
host: localhost:31219
accept: */*

Response DefaultHttpResponse(decodeResult: success, version: HTTP/1.1)
HTTP/1.1 200 OK
Content-Length: 3790
Content-Type: application/json; charset=utf-8
cache-control: no-cache

[DEBUG] Adding key: http://localhost:31219 for channel [id: 0xa45c3bbb, L:/127.0.0.1:58301 - R:localhost/127.0.0.1:31219]
[DEBUG] Using pooled Channel '[id: 0xa45c3bbb, L:/127.0.0.1:58301 - R:localhost/127.0.0.1:31219]' for 'GET' to 'http://localhost:31219/session/ef9c975180a494f538484de40f55b2cf/element/5775BB1B5D6E3100F33BD9156B88B3FD_element_22/text'
[DEBUG] Using open Channel [id: 0xa45c3bbb, L:/127.0.0.1:58301 - R:localhost/127.0.0.1:31219] for GET '/session/ef9c975180a494f538484de40f55b2cf/element/5775BB1B5D6E3100F33BD9156B88B3FD_element_22/text'
[DEBUG] 

Request DefaultHttpRequest(decodeResult: success, version: HTTP/1.1)
POST /session/ef9c975180a494f538484de40f55b2cf/elements HTTP/1.1
User-Agent: selenium/4.8.3 (java windows)
Content-Length: 86
Content-Type: application/json; charset=utf-8
host: localhost:31219
accept: */*

Response DefaultHttpResponse(decodeResult: success, version: HTTP/1.1)
HTTP/1.1 200 OK
Content-Length: 3790
Content-Type: application/json; charset=utf-8
cache-control: no-cache

[DEBUG] Adding key: http://localhost:31219 for channel [id: 0x4399a49d, L:/127.0.0.1:58280 - R:localhost/127.0.0.1:31219]
[DEBUG] 

Request DefaultFullHttpRequest(decodeResult: success, version: HTTP/1.1, content: EmptyByteBufBE)
GET /session/ef9c975180a494f538484de40f55b2cf/element/5775BB1B5D6E3100F33BD9156B88B3FD_element_22/text HTTP/1.1
User-Agent: selenium/4.8.3 (java windows)
Cache-Control: no-cache
Content-Type: application/json; charset=utf-8
host: localhost:31219
accept: */*

Response DefaultHttpResponse(decodeResult: success, version: HTTP/1.1)
HTTP/1.1 200 OK
Content-Length: 23
Content-Type: application/json; charset=utf-8
cache-control: no-cache

[DEBUG] Adding key: http://localhost:31219 for channel [id: 0xa45c3bbb, L:/127.0.0.1:58301 - R:localhost/127.0.0.1:31219]
[DEBUG] Using pooled Channel '[id: 0xa45c3bbb, L:/127.0.0.1:58301 - R:localhost/127.0.0.1:31219]' for 'POST' to 'http://localhost:31219/session/ef9c975180a494f538484de40f55b2cf/elements'
[DEBUG] Using open Channel [id: 0xa45c3bbb, L:/127.0.0.1:58301 - R:localhost/127.0.0.1:31219] for POST '/session/ef9c975180a494f538484de40f55b2cf/elements'
[DEBUG] 

Request DefaultFullHttpRequest(decodeResult: success, version: HTTP/1.1, content: EmptyByteBufBE)
GET /session/ef9c975180a494f538484de40f55b2cf/element/5775BB1B5D6E3100F33BD9156B88B3FD_element_22/text HTTP/1.1
User-Agent: selenium/4.8.3 (java windows)
Cache-Control: no-cache
Content-Type: application/json; charset=utf-8
host: localhost:31219
accept: */*

Response DefaultHttpResponse(decodeResult: success, version: HTTP/1.1)
HTTP/1.1 200 OK
Content-Length: 23
Content-Type: application/json; charset=utf-8
cache-control: no-cache

[DEBUG] Adding key: http://localhost:31219 for channel [id: 0x4399a49d, L:/127.0.0.1:58280 - R:localhost/127.0.0.1:31219]
[DEBUG] 

Request DefaultHttpRequest(decodeResult: success, version: HTTP/1.1)
POST /session/ef9c975180a494f538484de40f55b2cf/elements HTTP/1.1
User-Agent: selenium/4.8.3 (java windows)
Content-Length: 86
Content-Type: application/json; charset=utf-8
host: localhost:31219
accept: */*

Response DefaultHttpResponse(decodeResult: success, version: HTTP/1.1)
HTTP/1.1 200 OK
Content-Length: 3790
Content-Type: application/json; charset=utf-8
cache-control: no-cache

[DEBUG] Adding key: http://localhost:31219 for channel [id: 0xa45c3bbb, L:/127.0.0.1:58301 - R:localhost/127.0.0.1:31219]
[DEBUG] Using pooled Channel '[id: 0xa45c3bbb, L:/127.0.0.1:58301 - R:localhost/127.0.0.1:31219]' for 'GET' to 'http://localhost:31219/session/ef9c975180a494f538484de40f55b2cf/element/5775BB1B5D6E3100F33BD9156B88B3FD_element_23/text'
[DEBUG] Using open Channel [id: 0xa45c3bbb, L:/127.0.0.1:58301 - R:localhost/127.0.0.1:31219] for GET '/session/ef9c975180a494f538484de40f55b2cf/element/5775BB1B5D6E3100F33BD9156B88B3FD_element_23/text'
[DEBUG] 

Request DefaultHttpRequest(decodeResult: success, version: HTTP/1.1)
POST /session/ef9c975180a494f538484de40f55b2cf/elements HTTP/1.1
User-Agent: selenium/4.8.3 (java windows)
Content-Length: 86
Content-Type: application/json; charset=utf-8
host: localhost:31219
accept: */*

Response DefaultHttpResponse(decodeResult: success, version: HTTP/1.1)
HTTP/1.1 200 OK
Content-Length: 3790
Content-Type: application/json; charset=utf-8
cache-control: no-cache

[DEBUG] Adding key: http://localhost:31219 for channel [id: 0x4399a49d, L:/127.0.0.1:58280 - R:localhost/127.0.0.1:31219]
[DEBUG] 

Request DefaultFullHttpRequest(decodeResult: success, version: HTTP/1.1, content: EmptyByteBufBE)
GET /session/ef9c975180a494f538484de40f55b2cf/element/5775BB1B5D6E3100F33BD9156B88B3FD_element_23/text HTTP/1.1
User-Agent: selenium/4.8.3 (java windows)
Cache-Control: no-cache
Content-Type: application/json; charset=utf-8
host: localhost:31219
accept: */*

Response DefaultHttpResponse(decodeResult: success, version: HTTP/1.1)
HTTP/1.1 200 OK
Content-Length: 25
Content-Type: application/json; charset=utf-8
cache-control: no-cache

[DEBUG] Adding key: http://localhost:31219 for channel [id: 0xa45c3bbb, L:/127.0.0.1:58301 - R:localhost/127.0.0.1:31219]
[DEBUG] Using pooled Channel '[id: 0xa45c3bbb, L:/127.0.0.1:58301 - R:localhost/127.0.0.1:31219]' for 'POST' to 'http://localhost:31219/session/ef9c975180a494f538484de40f55b2cf/elements'
[DEBUG] Using open Channel [id: 0xa45c3bbb, L:/127.0.0.1:58301 - R:localhost/127.0.0.1:31219] for POST '/session/ef9c975180a494f538484de40f55b2cf/elements'
[DEBUG] Entry count for : http://localhost:58282 : 1
[DEBUG] Entry count for : http://localhost:44411 : 1
[DEBUG] Entry count for : http://localhost:58281 : 1
[DEBUG] Entry count for : http://localhost:58282 : 1
[DEBUG] Entry count for : http://localhost:44411 : 1
[DEBUG] Entry count for : http://localhost:58281 : 1
[DEBUG] Entry count for : http://localhost:58282 : 1
[DEBUG] Entry count for : http://localhost:44411 : 1
[DEBUG] Entry count for : http://localhost:58281 : 1
[DEBUG] Entry count for : http://localhost:58282 : 1
[DEBUG] Entry count for : http://localhost:44411 : 1
[DEBUG] Entry count for : http://localhost:58281 : 1
[DEBUG] Entry count for : http://localhost:58282 : 1
[DEBUG] Entry count for : http://localhost:44411 : 1
[DEBUG] Entry count for : http://localhost:58281 : 1
[DEBUG] Entry count for : http://localhost:58282 : 1
[DEBUG] Entry count for : http://localhost:44411 : 1
[DEBUG] Entry count for : http://localhost:58281 : 1
[DEBUG] Entry count for : http://localhost:58282 : 1
[DEBUG] Entry count for : http://localhost:44411 : 1
[DEBUG] Entry count for : http://localhost:58281 : 1
[DEBUG] Entry count for : http://localhost:58282 : 1
[DEBUG] Entry count for : http://localhost:44411 : 1
[DEBUG] Entry count for : http://localhost:58281 : 1
[DEBUG] Entry count for : http://localhost:58282 : 1
[DEBUG] Entry count for : http://localhost:44411 : 1
[DEBUG] Entry count for : http://localhost:58281 : 1
[DEBUG] Entry count for : http://localhost:58282 : 1
[DEBUG] Entry count for : http://localhost:44411 : 1
[DEBUG] Entry count for : http://localhost:58281 : 1
[DEBUG] Entry count for : http://localhost:58282 : 1
[DEBUG] Entry count for : http://localhost:44411 : 1
[DEBUG] Entry count for : http://localhost:58281 : 1
[DEBUG] Entry count for : http://localhost:58282 : 1
[DEBUG] Entry count for : http://localhost:44411 : 1
[DEBUG] Entry count for : http://localhost:58281 : 1
[DEBUG] Entry count for : http://localhost:58282 : 1
[DEBUG] Entry count for : http://localhost:44411 : 1
[DEBUG] Entry count for : http://localhost:58281 : 1
[DEBUG] Entry count for : http://localhost:58282 : 1
[DEBUG] Entry count for : http://localhost:44411 : 1
[DEBUG] Entry count for : http://localhost:58281 : 1
[DEBUG] Entry count for : http://localhost:58282 : 1
[DEBUG] Entry count for : http://localhost:44411 : 1
[DEBUG] Entry count for : http://localhost:58281 : 1
[DEBUG] Entry count for : http://localhost:58282 : 1
[DEBUG] Entry count for : http://localhost:44411 : 1
[DEBUG] Entry count for : http://localhost:58281 : 1
[DEBUG] Entry count for : http://localhost:58282 : 1
[DEBUG] Entry count for : http://localhost:44411 : 1
[DEBUG] Entry count for : http://localhost:58281 : 1
[DEBUG] Entry count for : http://localhost:58282 : 1
[DEBUG] Entry count for : http://localhost:44411 : 1
[DEBUG] Entry count for : http://localhost:58281 : 1
[DEBUG] Entry count for : http://localhost:58282 : 1
[DEBUG] Entry count for : http://localhost:44411 : 1
[DEBUG] Entry count for : http://localhost:58281 : 1
[DEBUG] Entry count for : http://localhost:58282 : 1
[DEBUG] Entry count for : http://localhost:44411 : 1
[DEBUG] Entry count for : http://localhost:58281 : 1
[DEBUG] 

Request DefaultHttpRequest(decodeResult: success, version: HTTP/1.1)
POST /session/ef9c975180a494f538484de40f55b2cf/element/5775BB1B5D6E3100F33BD9156B88B3FD_element_22/click HTTP/1.1
User-Agent: selenium/4.8.3 (java windows)
Content-Length: 57
Content-Type: application/json; charset=utf-8
host: localhost:31219
accept: */*

Response DefaultHttpResponse(decodeResult: success, version: HTTP/1.1)
HTTP/1.1 200 OK
Content-Length: 14
Content-Type: application/json; charset=utf-8
cache-control: no-cache

[DEBUG] Adding key: http://localhost:31219 for channel [id: 0x4399a49d, L:/127.0.0.1:58280 - R:localhost/127.0.0.1:31219]
[DEBUG] Entry count for : http://localhost:58282 : 1
[DEBUG] Entry count for : http://localhost:44411 : 1
[DEBUG] Entry count for : http://localhost:58281 : 1
[DEBUG] Entry count for : http://localhost:58282 : 1
[DEBUG] Entry count for : http://localhost:44411 : 1
[DEBUG] Entry count for : http://localhost:58281 : 1
[DEBUG] Entry count for : http://localhost:58282 : 1
[DEBUG] Entry count for : http://localhost:44411 : 1
[DEBUG] Entry count for : http://localhost:58281 : 1
[DEBUG] Entry count for : http://localhost:58282 : 1
[DEBUG] Entry count for : http://localhost:44411 : 1
[DEBUG] Entry count for : http://localhost:58281 : 1
[DEBUG] Entry count for : http://localhost:58282 : 1
[DEBUG] Entry count for : http://localhost:44411 : 1
[DEBUG] Entry count for : http://localhost:58281 : 1
[DEBUG] Entry count for : http://localhost:58282 : 1
[DEBUG] Entry count for : http://localhost:44411 : 1
[DEBUG] Entry count for : http://localhost:58281 : 1
[DEBUG] Entry count for : http://localhost:58282 : 1
[DEBUG] Entry count for : http://localhost:44411 : 1
[DEBUG] Entry count for : http://localhost:58281 : 1
[DEBUG] Entry count for : http://localhost:58282 : 1
[DEBUG] Entry count for : http://localhost:44411 : 1
[DEBUG] Entry count for : http://localhost:58281 : 1
[DEBUG] Entry count for : http://localhost:58282 : 1
[DEBUG] Entry count for : http://localhost:44411 : 1
[DEBUG] Entry count for : http://localhost:58281 : 1
[DEBUG] 

Request DefaultHttpRequest(decodeResult: success, version: HTTP/1.1)
POST /session/ef9c975180a494f538484de40f55b2cf/elements HTTP/1.1
User-Agent: selenium/4.8.3 (java windows)
Content-Length: 86
Content-Type: application/json; charset=utf-8
host: localhost:31219
accept: */*

Response DefaultHttpResponse(decodeResult: success, version: HTTP/1.1)
HTTP/1.1 200 OK
Content-Length: 12
Content-Type: application/json; charset=utf-8
cache-control: no-cache

[DEBUG] Adding key: http://localhost:31219 for channel [id: 0xa45c3bbb, L:/127.0.0.1:58301 - R:localhost/127.0.0.1:31219]
  When I click on "Key Presses" elements on the home page     # StepDefinitions.SeleniumFraStepDef.SelectElementToAutomate(java.lang.String)
      java.lang.IndexOutOfBoundsException: Index 19 out of bounds for length 0
	at java.base/jdk.internal.util.Preconditions.outOfBounds(Preconditions.java:64)
	at java.base/jdk.internal.util.Preconditions.outOfBoundsCheckIndex(Preconditions.java:70)
	at java.base/jdk.internal.util.Preconditions.checkIndex(Preconditions.java:266)
	at java.base/java.util.Objects.checkIndex(Objects.java:359)
	at java.base/java.util.ArrayList.get(ArrayList.java:427)
	at java.base/jdk.internal.reflect.GeneratedMethodAccessor31.invoke(Unknown Source)
	at java.base/jdk.internal.reflect.DelegatingMethodAccessorImpl.invoke(DelegatingMethodAccessorImpl.java:43)
	at java.base/java.lang.reflect.Method.invoke(Method.java:568)
	at org.openqa.selenium.support.pagefactory.internal.LocatingElementListHandler.invoke(LocatingElementListHandler.java:40)
	at jdk.proxy2/jdk.proxy2.$Proxy26.get(Unknown Source)
	at Utilities.FrameworkHelper.GenericDropdown(FrameworkHelper.java:16)
	at StepDefinitions.SeleniumFraStepDef.SelectElementToAutomate(SeleniumFraStepDef.java:139)
	at âœ½.I click on "Key Presses" elements on the home page(file:///C:/Users/Khushi/Desktop/Nitin/EclipsWorkspace/MyFrame/Features/SeleniumFramPractice2.feature:12)

Output == AfterStep
[DEBUG] 

Request DefaultHttpRequest(decodeResult: success, version: HTTP/1.1)
POST /session/ef9c975180a494f538484de40f55b2cf/element HTTP/1.1
User-Agent: selenium/4.8.3 (java windows)
Content-Length: 71
Content-Type: application/json; charset=utf-8
host: localhost:31219
accept: */*

Response DefaultHttpResponse(decodeResult: success, version: HTTP/1.1)
HTTP/1.1 200 OK
Content-Length: 95
Content-Type: application/json; charset=utf-8
cache-control: no-cache

[DEBUG] Adding key: http://localhost:31219 for channel [id: 0x4399a49d, L:/127.0.0.1:58280 - R:localhost/127.0.0.1:31219]
  When I perform and verify keyboard function                 # StepDefinitions.SeleniumFraStepDef.KeyBoardActions()
Output == After
[DEBUG] Using pooled Channel '[id: 0x4399a49d, L:/127.0.0.1:58280 - R:localhost/127.0.0.1:31219]' for 'GET' to 'http://localhost:31219/session/ef9c975180a494f538484de40f55b2cf/screenshot'
[DEBUG] Using open Channel [id: 0x4399a49d, L:/127.0.0.1:58280 - R:localhost/127.0.0.1:31219] for GET '/session/ef9c975180a494f538484de40f55b2cf/screenshot'
[DEBUG] 

Request DefaultFullHttpRequest(decodeResult: success, version: HTTP/1.1, content: EmptyByteBufBE)
GET /session/ef9c975180a494f538484de40f55b2cf/screenshot HTTP/1.1
User-Agent: selenium/4.8.3 (java windows)
Cache-Control: no-cache
Content-Type: application/json; charset=utf-8
host: localhost:31219
accept: */*

Response DefaultHttpResponse(decodeResult: success, version: HTTP/1.1)
HTTP/1.1 200 OK
Content-Length: 80596
Content-Type: application/json; charset=utf-8
cache-control: no-cache

[DEBUG] Adding key: http://localhost:31219 for channel [id: 0x4399a49d, L:/127.0.0.1:58280 - R:localhost/127.0.0.1:31219]

    Embedding screenshot [image/png 60436 bytes]

[DEBUG] 

Request DefaultHttpRequest(decodeResult: success, version: HTTP/1.1)
POST /session/ef9c975180a494f538484de40f55b2cf/element/CFB6EDE9ACE4E4D66A682B5E3A19B603_element_56/value HTTP/1.1
User-Agent: selenium/4.8.3 (java windows)
Content-Length: 456
Content-Type: application/json; charset=utf-8
host: localhost:31219
accept: */*

Response DefaultHttpResponse(decodeResult: success, version: HTTP/1.1)
HTTP/1.1 200 OK
Content-Length: 14
Content-Type: application/json; charset=utf-8
cache-control: no-cache

[DEBUG] Adding key: http://localhost:31219 for channel [id: 0xa45c3bbb, L:/127.0.0.1:58301 - R:localhost/127.0.0.1:31219]
[DEBUG] Using pooled Channel '[id: 0xa45c3bbb, L:/127.0.0.1:58301 - R:localhost/127.0.0.1:31219]' for 'DELETE' to 'http://localhost:31219/session/ef9c975180a494f538484de40f55b2cf'
[DEBUG] Using open Channel [id: 0xa45c3bbb, L:/127.0.0.1:58301 - R:localhost/127.0.0.1:31219] for DELETE '/session/ef9c975180a494f538484de40f55b2cf'
[DEBUG] Channel Closed: [id: 0xd8c1c315, L:/127.0.0.1:58296 ! R:localhost/127.0.0.1:58282] with attribute NettyResponseFuture{currentRetry=0,
	isDone=1,
	isCancelled=0,
	asyncHandler=org.asynchttpclient.ws.WebSocketUpgradeHandler@2e6ade31,
	nettyRequest=org.asynchttpclient.netty.request.NettyRequest@5793f10d,
	future=java.util.concurrent.CompletableFuture@47f5bdb6[Completed normally],
	uri=ws://localhost:58282/devtools/browser/c8645a4a-3b25-45ac-a093-63a92e23693d,
	keepAlive=true,
	redirectCount=0,
	timeoutsHolder=null,
	inAuth=0,
	touch=1686467254576}
[DEBUG] Closing Channel [id: 0xd8c1c315, L:/127.0.0.1:58296 ! R:localhost/127.0.0.1:58282] 
[DEBUG] Unexpected I/O exception on channel [id: 0x3f2446d2, L:/127.0.0.1:58295 - R:localhost/127.0.0.1:58282]
java.net.SocketException: Connection reset
	at java.base/sun.nio.ch.SocketChannelImpl.throwConnectionReset(SocketChannelImpl.java:394) ~[na:na]
	at java.base/sun.nio.ch.SocketChannelImpl.read(SocketChannelImpl.java:426) ~[na:na]
	at io.netty.buffer.PooledByteBuf.setBytes(PooledByteBuf.java:256) ~[netty-buffer-4.1.90.Final.jar:4.1.90.Final]
	at io.netty.buffer.AbstractByteBuf.writeBytes(AbstractByteBuf.java:1132) ~[netty-buffer-4.1.90.Final.jar:4.1.90.Final]
	at io.netty.channel.socket.nio.NioSocketChannel.doReadBytes(NioSocketChannel.java:357) ~[netty-transport-4.1.90.Final.jar:4.1.90.Final]
	at io.netty.channel.nio.AbstractNioByteChannel$NioByteUnsafe.read(AbstractNioByteChannel.java:151) ~[netty-transport-4.1.90.Final.jar:4.1.90.Final]
	at io.netty.channel.nio.NioEventLoop.processSelectedKey(NioEventLoop.java:788) ~[netty-transport-4.1.90.Final.jar:4.1.90.Final]
	at io.netty.channel.nio.NioEventLoop.processSelectedKeysOptimized(NioEventLoop.java:724) ~[netty-transport-4.1.90.Final.jar:4.1.90.Final]
	at io.netty.channel.nio.NioEventLoop.processSelectedKeys(NioEventLoop.java:650) ~[netty-transport-4.1.90.Final.jar:4.1.90.Final]
	at io.netty.channel.nio.NioEventLoop.run(NioEventLoop.java:562) ~[netty-transport-4.1.90.Final.jar:4.1.90.Final]
	at io.netty.util.concurrent.SingleThreadEventExecutor$4.run(SingleThreadEventExecutor.java:997) ~[netty-common-4.1.90.Final.jar:4.1.90.Final]
	at io.netty.util.internal.ThreadExecutorMap$2.run(ThreadExecutorMap.java:74) ~[netty-common-4.1.90.Final.jar:4.1.90.Final]
	at io.netty.util.concurrent.FastThreadLocalRunnable.run(FastThreadLocalRunnable.java:30) ~[netty-common-4.1.90.Final.jar:4.1.90.Final]
	at java.base/java.lang.Thread.run(Thread.java:833) ~[na:na]
[DEBUG] Closing Channel [id: 0x3f2446d2, L:/127.0.0.1:58295 - R:localhost/127.0.0.1:58282] 
[DEBUG] Channel Closed: [id: 0x3f2446d2, L:/127.0.0.1:58295 ! R:localhost/127.0.0.1:58282] with attribute DISCARD
[DEBUG] 

Request DefaultFullHttpRequest(decodeResult: success, version: HTTP/1.1, content: EmptyByteBufBE)
DELETE /session/ef9c975180a494f538484de40f55b2cf HTTP/1.1
User-Agent: selenium/4.8.3 (java windows)
Content-Type: application/json; charset=utf-8
host: localhost:31219
accept: */*

Response DefaultHttpResponse(decodeResult: success, version: HTTP/1.1)
HTTP/1.1 200 OK
Content-Length: 14
Content-Type: application/json; charset=utf-8
cache-control: no-cache

[DEBUG] Adding key: http://localhost:31219 for channel [id: 0xa45c3bbb, L:/127.0.0.1:58301 - R:localhost/127.0.0.1:31219]
[DEBUG] Channel Closed: [id: 0x4399a49d, L:/127.0.0.1:58280 ! R:localhost/127.0.0.1:31219] with attribute DISCARD
[DEBUG] Channel Closed: [id: 0xa45c3bbb, L:/127.0.0.1:58301 ! R:localhost/127.0.0.1:31219] with attribute DISCARD
[DEBUG] Entry count for : http://localhost:58282 : 1
[DEBUG] Entry count for : http://localhost:31219 : 2
[DEBUG] Entry count for : http://localhost:44411 : 1
[DEBUG] Entry count for : http://localhost:58281 : 1
[DEBUG] Adding Candidate expired Channel [id: 0x3f2446d2, L:/127.0.0.1:58295 ! R:localhost/127.0.0.1:58282] isIdleTimeoutExpired=false isRemotelyClosed=true isTtlExpired=false
[DEBUG] Closing Idle Channel [id: 0x3f2446d2, L:/127.0.0.1:58295 ! R:localhost/127.0.0.1:58282]
[DEBUG] Adding Candidate expired Channel [id: 0xa45c3bbb, L:/127.0.0.1:58301 ! R:localhost/127.0.0.1:31219] isIdleTimeoutExpired=false isRemotelyClosed=true isTtlExpired=false
[DEBUG] Adding Candidate expired Channel [id: 0x4399a49d, L:/127.0.0.1:58280 ! R:localhost/127.0.0.1:31219] isIdleTimeoutExpired=false isRemotelyClosed=true isTtlExpired=false
[DEBUG] Closing Idle Channel [id: 0xa45c3bbb, L:/127.0.0.1:58301 ! R:localhost/127.0.0.1:31219]
[DEBUG] Closing Idle Channel [id: 0x4399a49d, L:/127.0.0.1:58280 ! R:localhost/127.0.0.1:31219]
[DEBUG] Closed 3 connections out of 5 in 0 ms
[DEBUG] Entry count for : http://localhost:44411 : 1
[DEBUG] Entry count for : http://localhost:58281 : 1
[DEBUG] Entry count for : http://localhost:44411 : 1
[DEBUG] Entry count for : http://localhost:58281 : 1
]]></system-out>
    <system-err><![CDATA[Starting ChromeDriver 114.0.5735.90 (386bc09e8f4f2e025eddae123f36f6263096ae49-refs/branch-heads/5735@{#1052}) on port 31219
Only local connections are allowed.
Please see https://chromedriver.chromium.org/security-considerations for suggestions on keeping ChromeDriver safe.
ChromeDriver was started successfully.
Jun 11, 2023 12:37:34 PM org.openqa.selenium.devtools.CdpVersionFinder findNearestMatch
WARNING: Unable to find an exact match for CDP version 114, so returning the closest version found: 111
]]></system-err>
  </testcase>
</testsuite>